TN:
SF:src\aiResponseHooks.ts
FN:19,(anonymous_0)
FN:28,(anonymous_1)
FN:34,(anonymous_2)
FN:44,(anonymous_3)
FN:54,(anonymous_4)
FN:64,(anonymous_5)
FN:78,(anonymous_6)
FN:86,(anonymous_7)
FN:97,(anonymous_8)
FN:110,(anonymous_9)
FN:112,(anonymous_10)
FN:121,(anonymous_11)
FN:146,(anonymous_12)
FN:168,(anonymous_13)
FN:189,(anonymous_14)
FN:196,(anonymous_15)
FN:205,(anonymous_16)
FN:206,(anonymous_17)
FN:207,(anonymous_18)
FN:220,initializeAIResponseHooks
FN:231,getAIResponseHooks
FN:238,processAIResponseWithHooks
FN:262,(anonymous_22)
FN:270,(anonymous_23)
FN:286,(anonymous_24)
FN:306,(anonymous_25)
FN:313,(anonymous_26)
FN:333,(anonymous_27)
FN:340,(anonymous_28)
FNF:29
FNH:0
FNDA:0,(anonymous_0)
FNDA:0,(anonymous_1)
FNDA:0,(anonymous_2)
FNDA:0,(anonymous_3)
FNDA:0,(anonymous_4)
FNDA:0,(anonymous_5)
FNDA:0,(anonymous_6)
FNDA:0,(anonymous_7)
FNDA:0,(anonymous_8)
FNDA:0,(anonymous_9)
FNDA:0,(anonymous_10)
FNDA:0,(anonymous_11)
FNDA:0,(anonymous_12)
FNDA:0,(anonymous_13)
FNDA:0,(anonymous_14)
FNDA:0,(anonymous_15)
FNDA:0,(anonymous_16)
FNDA:0,(anonymous_17)
FNDA:0,(anonymous_18)
FNDA:0,initializeAIResponseHooks
FNDA:0,getAIResponseHooks
FNDA:0,processAIResponseWithHooks
FNDA:0,(anonymous_22)
FNDA:0,(anonymous_23)
FNDA:0,(anonymous_24)
FNDA:0,(anonymous_25)
FNDA:0,(anonymous_26)
FNDA:0,(anonymous_27)
FNDA:0,(anonymous_28)
DA:5,0
DA:14,0
DA:16,0
DA:17,0
DA:20,0
DA:21,0
DA:22,0
DA:30,0
DA:35,0
DA:40,0
DA:45,0
DA:50,0
DA:55,0
DA:60,0
DA:65,0
DA:69,0
DA:79,0
DA:80,0
DA:87,0
DA:88,0
DA:89,0
DA:91,0
DA:98,0
DA:99,0
DA:100,0
DA:101,0
DA:102,0
DA:104,0
DA:111,0
DA:112,0
DA:113,0
DA:115,0
DA:122,0
DA:123,0
DA:128,0
DA:129,0
DA:136,0
DA:138,0
DA:139,0
DA:147,0
DA:148,0
DA:149,0
DA:150,0
DA:153,0
DA:154,0
DA:157,0
DA:158,0
DA:160,0
DA:161,0
DA:170,0
DA:172,0
DA:173,0
DA:174,0
DA:175,0
DA:176,0
DA:177,0
DA:178,0
DA:179,0
DA:183,0
DA:190,0
DA:202,0
DA:203,0
DA:205,0
DA:206,0
DA:207,0
DA:215,0
DA:220,0
DA:221,0
DA:222,0
DA:223,0
DA:225,0
DA:231,0
DA:232,0
DA:238,0
DA:243,0
DA:244,0
DA:245,0
DA:248,0
DA:249,0
DA:251,0
DA:259,0
DA:263,0
DA:271,0
DA:272,0
DA:273,0
DA:274,0
DA:276,0
DA:278,0
DA:279,0
DA:287,0
DA:288,0
DA:289,0
DA:290,0
DA:292,0
DA:294,0
DA:295,0
DA:303,0
DA:307,0
DA:314,0
DA:315,0
DA:316,0
DA:317,0
DA:319,0
DA:321,0
DA:322,0
DA:330,0
DA:334,0
DA:341,0
DA:342,0
DA:343,0
DA:344,0
DA:346,0
DA:348,0
DA:349,0
LF:114
LH:0
BRDA:35,0,0,0
BRDA:35,0,1,0
BRDA:45,1,0,0
BRDA:45,1,1,0
BRDA:55,2,0,0
BRDA:55,2,1,0
BRDA:65,3,0,0
BRDA:65,3,1,0
BRDA:88,4,0,0
BRDA:88,4,1,0
BRDA:99,5,0,0
BRDA:99,5,1,0
BRDA:101,6,0,0
BRDA:101,6,1,0
BRDA:115,7,0,0
BRDA:115,7,1,0
BRDA:128,8,0,0
BRDA:128,8,1,0
BRDA:128,9,0,0
BRDA:128,9,1,0
BRDA:148,10,0,0
BRDA:148,10,1,0
BRDA:153,11,0,0
BRDA:153,11,1,0
BRDA:153,12,0,0
BRDA:153,12,1,0
BRDA:172,13,0,0
BRDA:172,13,1,0
BRDA:174,14,0,0
BRDA:174,14,1,0
BRDA:174,15,0,0
BRDA:174,15,1,0
BRDA:176,16,0,0
BRDA:176,16,1,0
BRDA:176,17,0,0
BRDA:176,17,1,0
BRDA:178,18,0,0
BRDA:178,18,1,0
BRDA:221,19,0,0
BRDA:221,19,1,0
BRDA:244,20,0,0
BRDA:244,20,1,0
BRDA:248,21,0,0
BRDA:248,21,1,0
BRDA:273,22,0,0
BRDA:273,22,1,0
BRDA:289,23,0,0
BRDA:289,23,1,0
BRDA:290,24,0,0
BRDA:290,24,1,0
BRDA:316,25,0,0
BRDA:316,25,1,0
BRDA:343,26,0,0
BRDA:343,26,1,0
BRF:54
BRH:0
end_of_record
TN:
SF:src\aiResponsePipeline.ts
FN:35,(anonymous_9)
FN:53,(anonymous_10)
FN:146,(anonymous_11)
FN:152,(anonymous_12)
FN:153,(anonymous_13)
FN:173,(anonymous_14)
FN:177,(anonymous_15)
FN:187,(anonymous_16)
FN:195,(anonymous_17)
FN:221,(anonymous_18)
FN:233,(anonymous_19)
FN:241,(anonymous_20)
FN:248,(anonymous_21)
FN:255,(anonymous_22)
FN:275,initializeAIResponsePipeline
FN:289,getAIResponsePipeline
FN:296,processAIResponse
FNF:17
FNH:0
FNDA:0,(anonymous_9)
FNDA:0,(anonymous_10)
FNDA:0,(anonymous_11)
FNDA:0,(anonymous_12)
FNDA:0,(anonymous_13)
FNDA:0,(anonymous_14)
FNDA:0,(anonymous_15)
FNDA:0,(anonymous_16)
FNDA:0,(anonymous_17)
FNDA:0,(anonymous_18)
FNDA:0,(anonymous_19)
FNDA:0,(anonymous_20)
FNDA:0,(anonymous_21)
FNDA:0,(anonymous_22)
FNDA:0,initializeAIResponsePipeline
FNDA:0,getAIResponsePipeline
FNDA:0,processAIResponse
DA:1,0
DA:2,0
DA:4,0
DA:23,0
DA:36,0
DA:37,0
DA:38,0
DA:40,0
DA:62,0
DA:63,0
DA:65,0
DA:67,0
DA:70,0
DA:71,0
DA:81,0
DA:82,0
DA:85,0
DA:93,0
DA:94,0
DA:95,0
DA:97,0
DA:99,0
DA:100,0
DA:103,0
DA:104,0
DA:108,0
DA:109,0
DA:114,0
DA:124,0
DA:130,0
DA:131,0
DA:133,0
DA:152,0
DA:153,0
DA:154,0
DA:159,0
DA:161,0
DA:162,0
DA:164,0
DA:165,0
DA:168,0
DA:169,0
DA:172,0
DA:174,0
DA:175,0
DA:178,0
DA:179,0
DA:188,0
DA:189,0
DA:196,0
DA:205,0
DA:206,0
DA:211,0
DA:212,0
DA:222,0
DA:223,0
DA:234,0
DA:235,0
DA:242,0
DA:249,0
DA:256,0
DA:257,0
DA:259,0
DA:270,0
DA:275,0
DA:279,0
DA:280,0
DA:281,0
DA:283,0
DA:289,0
DA:290,0
DA:296,0
DA:305,0
DA:306,0
DA:307,0
DA:309,0
LF:76
LH:0
BRDA:70,0,0,0
BRDA:70,0,1,0
BRDA:70,1,0,0
BRDA:70,1,1,0
BRDA:81,2,0,0
BRDA:81,2,1,0
BRDA:82,3,0,0
BRDA:82,3,1,0
BRDA:94,4,0,0
BRDA:94,4,1,0
BRDA:103,5,0,0
BRDA:103,5,1,0
BRDA:108,6,0,0
BRDA:108,6,1,0
BRDA:108,7,0,0
BRDA:108,7,1,0
BRDA:159,8,0,0
BRDA:159,8,1,0
BRDA:159,8,2,0
BRDA:159,8,3,0
BRDA:205,9,0,0
BRDA:205,9,1,0
BRDA:211,10,0,0
BRDA:211,10,1,0
BRDA:257,11,0,0
BRDA:257,11,1,0
BRDA:279,12,0,0
BRDA:279,12,1,0
BRDA:306,13,0,0
BRDA:306,13,1,0
BRF:30
BRH:0
end_of_record
TN:
SF:src\aiResponseValidator.ts
FN:25,(anonymous_9)
FN:36,(anonymous_10)
FN:63,(anonymous_11)
FN:64,(anonymous_12)
FN:67,(anonymous_13)
FN:68,(anonymous_14)
FN:113,(anonymous_15)
FN:164,(anonymous_16)
FN:239,(anonymous_17)
FN:248,(anonymous_18)
FN:262,(anonymous_19)
FN:272,(anonymous_20)
FN:285,(anonymous_21)
FN:290,(anonymous_22)
FN:351,(anonymous_23)
FNF:15
FNH:0
FNDA:0,(anonymous_9)
FNDA:0,(anonymous_10)
FNDA:0,(anonymous_11)
FNDA:0,(anonymous_12)
FNDA:0,(anonymous_13)
FNDA:0,(anonymous_14)
FNDA:0,(anonymous_15)
FNDA:0,(anonymous_16)
FNDA:0,(anonymous_17)
FNDA:0,(anonymous_18)
FNDA:0,(anonymous_19)
FNDA:0,(anonymous_20)
FNDA:0,(anonymous_21)
FNDA:0,(anonymous_22)
FNDA:0,(anonymous_23)
DA:1,0
DA:2,0
DA:3,0
DA:4,0
DA:6,0
DA:19,0
DA:26,0
DA:27,0
DA:28,0
DA:29,0
DA:37,0
DA:38,0
DA:40,0
DA:42,0
DA:45,0
DA:48,0
DA:49,0
DA:56,0
DA:63,0
DA:64,0
DA:67,0
DA:68,0
DA:74,0
DA:75,0
DA:78,0
DA:79,0
DA:87,0
DA:90,0
DA:93,0
DA:94,0
DA:96,0
DA:118,0
DA:119,0
DA:120,0
DA:121,0
DA:123,0
DA:124,0
DA:125,0
DA:126,0
DA:127,0
DA:129,0
DA:131,0
DA:132,0
DA:133,0
DA:136,0
DA:137,0
DA:140,0
DA:141,0
DA:144,0
DA:145,0
DA:148,0
DA:149,0
DA:152,0
DA:153,0
DA:156,0
DA:157,0
DA:160,0
DA:161,0
DA:164,0
DA:165,0
DA:167,0
DA:168,0
DA:171,0
DA:172,0
DA:175,0
DA:176,0
DA:179,0
DA:180,0
DA:183,0
DA:184,0
DA:187,0
DA:188,0
DA:191,0
DA:192,0
DA:195,0
DA:196,0
DA:199,0
DA:200,0
DA:203,0
DA:204,0
DA:207,0
DA:208,0
DA:211,0
DA:212,0
DA:215,0
DA:216,0
DA:219,0
DA:220,0
DA:224,0
DA:225,0
DA:229,0
DA:240,0
DA:241,0
DA:242,0
DA:244,0
DA:245,0
DA:246,0
DA:247,0
DA:248,0
DA:252,0
DA:254,0
DA:255,0
DA:263,0
DA:264,0
DA:273,0
DA:274,0
DA:276,0
DA:286,0
DA:288,0
DA:290,0
DA:291,0
DA:296,0
DA:297,0
DA:298,0
DA:300,0
DA:301,0
DA:302,0
DA:303,0
DA:305,0
DA:306,0
DA:307,0
DA:309,0
DA:314,0
DA:315,0
DA:317,0
DA:329,0
DA:332,0
DA:333,0
DA:335,0
DA:359,0
LF:130
LH:0
BRDA:51,0,0,0
BRDA:51,0,1,0
BRDA:59,1,0,0
BRDA:59,1,1,0
BRDA:74,2,0,0
BRDA:74,2,1,0
BRDA:74,3,0,0
BRDA:74,3,1,0
BRDA:101,4,0,0
BRDA:101,4,1,0
BRDA:103,5,0,0
BRDA:103,5,1,0
BRDA:126,6,0,0
BRDA:126,6,1,0
BRDA:129,7,0,0
BRDA:129,7,1,0
BRDA:129,7,2,0
BRDA:129,7,3,0
BRDA:129,7,4,0
BRDA:129,7,5,0
BRDA:129,7,6,0
BRDA:129,7,7,0
BRDA:129,7,8,0
BRDA:129,7,9,0
BRDA:129,7,10,0
BRDA:129,7,11,0
BRDA:129,7,12,0
BRDA:129,7,13,0
BRDA:129,7,14,0
BRDA:129,7,15,0
BRDA:129,7,16,0
BRDA:129,7,17,0
BRDA:129,7,18,0
BRDA:129,7,19,0
BRDA:129,7,20,0
BRDA:129,7,21,0
BRDA:225,8,0,0
BRDA:225,8,1,0
BRDA:244,9,0,0
BRDA:244,9,1,0
BRDA:274,10,0,0
BRDA:274,10,1,0
BRDA:291,11,0,0
BRDA:291,11,1,0
BRDA:291,11,2,0
BRDA:302,12,0,0
BRDA:302,12,1,0
BRDA:305,13,0,0
BRDA:305,13,1,0
BRDA:340,14,0,0
BRDA:340,14,1,0
BRDA:342,15,0,0
BRDA:342,15,1,0
BRF:53
BRH:0
end_of_record
TN:
SF:src\alertManager.ts
FN:21,(anonymous_9)
FN:23,(anonymous_10)
FN:52,(anonymous_11)
FN:68,(anonymous_12)
FN:90,(anonymous_13)
FN:116,(anonymous_14)
FN:126,(anonymous_15)
FN:175,(anonymous_16)
FN:179,(anonymous_17)
FN:183,(anonymous_18)
FNF:10
FNH:0
FNDA:0,(anonymous_9)
FNDA:0,(anonymous_10)
FNDA:0,(anonymous_11)
FNDA:0,(anonymous_12)
FNDA:0,(anonymous_13)
FNDA:0,(anonymous_14)
FNDA:0,(anonymous_15)
FNDA:0,(anonymous_16)
FNDA:0,(anonymous_17)
FNDA:0,(anonymous_18)
DA:1,0
DA:6,0
DA:7,0
DA:14,0
DA:19,0
DA:21,0
DA:24,0
DA:25,0
DA:28,0
DA:29,0
DA:30,0
DA:34,0
DA:35,0
DA:36,0
DA:37,0
DA:38,0
DA:43,0
DA:44,0
DA:45,0
DA:49,0
DA:53,0
DA:54,0
DA:56,0
DA:57,0
DA:58,0
DA:61,0
DA:63,0
DA:64,0
DA:67,0
DA:68,0
DA:69,0
DA:71,0
DA:75,0
DA:76,0
DA:80,0
DA:86,0
DA:91,0
DA:92,0
DA:93,0
DA:94,0
DA:96,0
DA:97,0
DA:98,0
DA:99,0
DA:102,0
DA:103,0
DA:104,0
DA:108,0
DA:116,0
DA:117,0
DA:118,0
DA:119,0
DA:120,0
DA:127,0
DA:128,0
DA:131,0
DA:134,0
DA:135,0
DA:136,0
DA:137,0
DA:138,0
DA:142,0
DA:143,0
DA:148,0
DA:150,0
DA:152,0
DA:153,0
DA:155,0
DA:156,0
DA:159,0
DA:160,0
DA:162,0
DA:163,0
DA:166,0
DA:167,0
DA:169,0
DA:170,0
DA:171,0
DA:176,0
DA:180,0
DA:184,0
LF:81
LH:0
BRDA:29,0,0,0
BRDA:29,0,1,0
BRDA:29,1,0,0
BRDA:29,1,1,0
BRDA:34,2,0,0
BRDA:34,2,1,0
BRDA:34,3,0,0
BRDA:34,3,1,0
BRDA:35,4,0,0
BRDA:35,4,1,0
BRDA:37,5,0,0
BRDA:37,5,1,0
BRDA:43,6,0,0
BRDA:43,6,1,0
BRDA:44,7,0,0
BRDA:44,7,1,0
BRDA:56,8,0,0
BRDA:56,8,1,0
BRDA:61,9,0,0
BRDA:61,9,1,0
BRDA:61,9,2,0
BRDA:61,9,3,0
BRDA:67,10,0,0
BRDA:67,10,1,0
BRDA:93,11,0,0
BRDA:93,11,1,0
BRDA:94,12,0,0
BRDA:94,12,1,0
BRDA:97,13,0,0
BRDA:97,13,1,0
BRDA:102,14,0,0
BRDA:102,14,1,0
BRDA:118,15,0,0
BRDA:118,15,1,0
BRDA:134,16,0,0
BRDA:134,16,1,0
BRDA:135,17,0,0
BRDA:135,17,1,0
BRDA:136,18,0,0
BRDA:136,18,1,0
BRDA:137,19,0,0
BRDA:137,19,1,0
BRDA:148,20,0,0
BRDA:148,20,1,0
BRDA:150,21,0,0
BRDA:150,21,1,0
BRDA:150,21,2,0
BRDA:150,21,3,0
BRDA:150,21,4,0
BRDA:150,21,5,0
BRF:50
BRH:0
end_of_record
TN:
SF:src\chartDataService.ts
FN:38,(anonymous_0)
FN:44,(anonymous_1)
FN:48,(anonymous_2)
FN:51,(anonymous_3)
FN:52,(anonymous_4)
FN:53,(anonymous_5)
FN:54,(anonymous_6)
FN:81,(anonymous_7)
FN:94,(anonymous_8)
FN:119,(anonymous_9)
FN:122,(anonymous_10)
FN:126,(anonymous_11)
FN:128,(anonymous_12)
FN:136,(anonymous_13)
FN:174,(anonymous_14)
FN:177,(anonymous_15)
FN:179,(anonymous_16)
FN:180,(anonymous_17)
FN:187,(anonymous_18)
FN:188,(anonymous_19)
FN:194,(anonymous_20)
FN:195,(anonymous_21)
FN:202,(anonymous_22)
FN:203,(anonymous_23)
FN:236,(anonymous_24)
FN:239,(anonymous_25)
FN:244,(anonymous_26)
FN:247,(anonymous_27)
FN:261,(anonymous_28)
FN:292,(anonymous_29)
FN:315,(anonymous_30)
FN:346,(anonymous_31)
FN:349,(anonymous_32)
FN:358,(anonymous_33)
FN:359,(anonymous_34)
FN:362,(anonymous_35)
FN:369,(anonymous_36)
FN:381,(anonymous_37)
FN:406,(anonymous_38)
FN:424,(anonymous_39)
FN:442,(anonymous_40)
FN:457,(anonymous_41)
FN:475,(anonymous_42)
FN:490,(anonymous_43)
FNF:44
FNH:0
FNDA:0,(anonymous_0)
FNDA:0,(anonymous_1)
FNDA:0,(anonymous_2)
FNDA:0,(anonymous_3)
FNDA:0,(anonymous_4)
FNDA:0,(anonymous_5)
FNDA:0,(anonymous_6)
FNDA:0,(anonymous_7)
FNDA:0,(anonymous_8)
FNDA:0,(anonymous_9)
FNDA:0,(anonymous_10)
FNDA:0,(anonymous_11)
FNDA:0,(anonymous_12)
FNDA:0,(anonymous_13)
FNDA:0,(anonymous_14)
FNDA:0,(anonymous_15)
FNDA:0,(anonymous_16)
FNDA:0,(anonymous_17)
FNDA:0,(anonymous_18)
FNDA:0,(anonymous_19)
FNDA:0,(anonymous_20)
FNDA:0,(anonymous_21)
FNDA:0,(anonymous_22)
FNDA:0,(anonymous_23)
FNDA:0,(anonymous_24)
FNDA:0,(anonymous_25)
FNDA:0,(anonymous_26)
FNDA:0,(anonymous_27)
FNDA:0,(anonymous_28)
FNDA:0,(anonymous_29)
FNDA:0,(anonymous_30)
FNDA:0,(anonymous_31)
FNDA:0,(anonymous_32)
FNDA:0,(anonymous_33)
FNDA:0,(anonymous_34)
FNDA:0,(anonymous_35)
FNDA:0,(anonymous_36)
FNDA:0,(anonymous_37)
FNDA:0,(anonymous_38)
FNDA:0,(anonymous_39)
FNDA:0,(anonymous_40)
FNDA:0,(anonymous_41)
FNDA:0,(anonymous_42)
FNDA:0,(anonymous_43)
DA:4,0
DA:32,0
DA:36,0
DA:39,0
DA:40,0
DA:41,0
DA:45,0
DA:49,0
DA:50,0
DA:51,0
DA:52,0
DA:53,0
DA:54,0
DA:56,0
DA:76,0
DA:77,0
DA:82,0
DA:83,0
DA:84,0
DA:85,0
DA:87,0
DA:88,0
DA:89,0
DA:90,0
DA:92,0
DA:94,0
DA:95,0
DA:98,0
DA:101,0
DA:114,0
DA:115,0
DA:120,0
DA:121,0
DA:122,0
DA:124,0
DA:126,0
DA:127,0
DA:129,0
DA:130,0
DA:134,0
DA:136,0
DA:137,0
DA:139,0
DA:143,0
DA:169,0
DA:170,0
DA:175,0
DA:176,0
DA:177,0
DA:179,0
DA:180,0
DA:181,0
DA:187,0
DA:188,0
DA:189,0
DA:194,0
DA:195,0
DA:196,0
DA:202,0
DA:203,0
DA:204,0
DA:210,0
DA:231,0
DA:232,0
DA:237,0
DA:238,0
DA:239,0
DA:241,0
DA:243,0
DA:244,0
DA:247,0
DA:256,0
DA:257,0
DA:262,0
DA:263,0
DA:264,0
DA:266,0
DA:287,0
DA:288,0
DA:293,0
DA:294,0
DA:295,0
DA:297,0
DA:310,0
DA:311,0
DA:316,0
DA:317,0
DA:318,0
DA:320,0
DA:341,0
DA:342,0
DA:347,0
DA:349,0
DA:350,0
DA:351,0
DA:352,0
DA:353,0
DA:357,0
DA:358,0
DA:359,0
DA:363,0
DA:364,0
DA:365,0
DA:366,0
DA:370,0
DA:382,0
DA:383,0
DA:385,0
DA:386,0
DA:387,0
DA:388,0
DA:389,0
DA:392,0
DA:407,0
DA:425,0
DA:443,0
DA:458,0
DA:476,0
DA:491,0
LF:119
LH:0
BRDA:81,0,0,0
BRDA:124,1,0,0
BRDA:124,1,1,0
BRDA:126,2,0,0
BRDA:126,2,1,0
BRDA:127,3,0,0
BRDA:127,3,1,0
BRDA:129,4,0,0
BRDA:129,4,1,0
BRDA:129,5,0,0
BRDA:129,5,1,0
BRDA:134,6,0,0
BRDA:134,6,1,0
BRDA:137,7,0,0
BRDA:137,7,1,0
BRDA:137,7,2,0
BRDA:139,8,0,0
BRDA:139,8,1,0
BRDA:181,9,0,0
BRDA:181,9,1,0
BRDA:181,9,2,0
BRDA:189,10,0,0
BRDA:189,10,1,0
BRDA:196,11,0,0
BRDA:196,11,1,0
BRDA:196,11,2,0
BRDA:204,12,0,0
BRDA:204,12,1,0
BRDA:204,12,2,0
BRDA:350,13,0,0
BRDA:350,13,1,0
BRDA:353,14,0,0
BRDA:353,14,1,0
BRDA:365,15,0,0
BRDA:365,15,1,0
BRF:35
BRH:0
end_of_record
TN:
SF:src\chatResponseInterceptor.ts
FN:19,(anonymous_9)
FN:31,(anonymous_10)
FN:36,(anonymous_11)
FN:43,(anonymous_12)
FN:57,(anonymous_13)
FN:109,(anonymous_14)
FN:123,(anonymous_15)
FN:170,(anonymous_16)
FN:180,(anonymous_17)
FNF:9
FNH:0
FNDA:0,(anonymous_9)
FNDA:0,(anonymous_10)
FNDA:0,(anonymous_11)
FNDA:0,(anonymous_12)
FNDA:0,(anonymous_13)
FNDA:0,(anonymous_14)
FNDA:0,(anonymous_15)
FNDA:0,(anonymous_16)
FNDA:0,(anonymous_17)
DA:1,0
DA:3,0
DA:4,0
DA:11,0
DA:16,0
DA:17,0
DA:20,0
DA:21,0
DA:22,0
DA:23,0
DA:25,0
DA:32,0
DA:35,0
DA:37,0
DA:42,0
DA:44,0
DA:45,0
DA:46,0
DA:47,0
DA:51,0
DA:62,0
DA:63,0
DA:66,0
DA:67,0
DA:73,0
DA:79,0
DA:90,0
DA:93,0
DA:94,0
DA:98,0
DA:101,0
DA:102,0
DA:110,0
DA:124,0
DA:125,0
DA:126,0
DA:127,0
DA:129,0
DA:130,0
DA:133,0
DA:134,0
DA:136,0
DA:137,0
DA:138,0
DA:139,0
DA:140,0
DA:141,0
DA:142,0
DA:143,0
DA:144,0
DA:147,0
DA:148,0
DA:149,0
DA:151,0
DA:152,0
DA:154,0
DA:155,0
DA:157,0
DA:158,0
DA:162,0
DA:164,0
DA:165,0
DA:166,0
DA:167,0
DA:170,0
DA:171,0
DA:176,0
LF:67
LH:0
BRDA:37,0,0,0
BRDA:37,0,1,0
BRDA:45,1,0,0
BRDA:45,1,1,0
BRDA:59,2,0,0
BRDA:62,3,0,0
BRDA:62,3,1,0
BRDA:75,4,0,0
BRDA:75,4,1,0
BRDA:81,5,0,0
BRDA:81,5,1,0
BRDA:93,6,0,0
BRDA:93,6,1,0
BRDA:93,7,0,0
BRDA:93,7,1,0
BRDA:112,8,0,0
BRDA:112,8,1,0
BRDA:113,9,0,0
BRDA:113,9,1,0
BRDA:114,10,0,0
BRDA:114,10,1,0
BRDA:129,11,0,0
BRDA:129,11,1,0
BRDA:129,12,0,0
BRDA:129,12,1,0
BRDA:136,13,0,0
BRDA:136,13,1,0
BRDA:136,14,0,0
BRDA:136,14,1,0
BRDA:139,15,0,0
BRDA:139,15,1,0
BRDA:142,16,0,0
BRDA:142,16,1,0
BRDA:147,17,0,0
BRDA:147,17,1,0
BRDA:148,18,0,0
BRDA:148,18,1,0
BRDA:149,19,0,0
BRDA:149,19,1,0
BRDA:149,19,2,0
BRDA:162,20,0,0
BRDA:162,20,1,0
BRDA:165,21,0,0
BRDA:165,21,1,0
BRF:44
BRH:0
end_of_record
TN:
SF:src\chatValidator.ts
FN:54,(anonymous_9)
FN:63,(anonymous_10)
FN:243,(anonymous_11)
FN:293,(anonymous_12)
FN:339,(anonymous_13)
FN:355,(anonymous_14)
FN:407,(anonymous_15)
FN:448,(anonymous_16)
FN:532,(anonymous_17)
FN:573,(anonymous_18)
FN:630,(anonymous_19)
FN:662,(anonymous_20)
FN:663,(anonymous_21)
FN:692,(anonymous_22)
FN:740,(anonymous_23)
FN:782,(anonymous_24)
FN:828,(anonymous_25)
FN:840,(anonymous_26)
FN:841,(anonymous_27)
FN:891,(anonymous_28)
FN:935,(anonymous_29)
FN:976,(anonymous_30)
FN:1038,(anonymous_31)
FN:1095,(anonymous_32)
FN:1139,(anonymous_33)
FN:1184,(anonymous_34)
FN:1235,(anonymous_35)
FN:1283,(anonymous_36)
FN:1298,(anonymous_37)
FN:1311,(anonymous_38)
FNF:30
FNH:0
FNDA:0,(anonymous_9)
FNDA:0,(anonymous_10)
FNDA:0,(anonymous_11)
FNDA:0,(anonymous_12)
FNDA:0,(anonymous_13)
FNDA:0,(anonymous_14)
FNDA:0,(anonymous_15)
FNDA:0,(anonymous_16)
FNDA:0,(anonymous_17)
FNDA:0,(anonymous_18)
FNDA:0,(anonymous_19)
FNDA:0,(anonymous_20)
FNDA:0,(anonymous_21)
FNDA:0,(anonymous_22)
FNDA:0,(anonymous_23)
FNDA:0,(anonymous_24)
FNDA:0,(anonymous_25)
FNDA:0,(anonymous_26)
FNDA:0,(anonymous_27)
FNDA:0,(anonymous_28)
FNDA:0,(anonymous_29)
FNDA:0,(anonymous_30)
FNDA:0,(anonymous_31)
FNDA:0,(anonymous_32)
FNDA:0,(anonymous_33)
FNDA:0,(anonymous_34)
FNDA:0,(anonymous_35)
FNDA:0,(anonymous_36)
FNDA:0,(anonymous_37)
FNDA:0,(anonymous_38)
DA:1,0
DA:5,0
DA:49,0
DA:55,0
DA:56,0
DA:57,0
DA:64,0
DA:66,0
DA:67,0
DA:69,0
DA:77,0
DA:79,0
DA:80,0
DA:88,0
DA:89,0
DA:93,0
DA:94,0
DA:95,0
DA:105,0
DA:106,0
DA:107,0
DA:108,0
DA:111,0
DA:112,0
DA:113,0
DA:114,0
DA:117,0
DA:118,0
DA:119,0
DA:120,0
DA:123,0
DA:124,0
DA:125,0
DA:126,0
DA:129,0
DA:130,0
DA:131,0
DA:132,0
DA:135,0
DA:138,0
DA:146,0
DA:149,0
DA:152,0
DA:153,0
DA:154,0
DA:156,0
DA:164,0
DA:166,0
DA:167,0
DA:175,0
DA:176,0
DA:180,0
DA:181,0
DA:182,0
DA:192,0
DA:193,0
DA:194,0
DA:195,0
DA:198,0
DA:199,0
DA:200,0
DA:201,0
DA:204,0
DA:205,0
DA:206,0
DA:207,0
DA:210,0
DA:211,0
DA:212,0
DA:213,0
DA:216,0
DA:217,0
DA:218,0
DA:219,0
DA:222,0
DA:225,0
DA:233,0
DA:236,0
DA:244,0
DA:245,0
DA:247,0
DA:255,0
DA:257,0
DA:259,0
DA:260,0
DA:261,0
DA:262,0
DA:263,0
DA:267,0
DA:268,0
DA:269,0
DA:270,0
DA:273,0
DA:276,0
DA:284,0
DA:287,0
DA:294,0
DA:295,0
DA:296,0
DA:297,0
DA:299,0
DA:301,0
DA:323,0
DA:339,0
DA:340,0
DA:341,0
DA:342,0
DA:350,0
DA:355,0
DA:356,0
DA:357,0
DA:358,0
DA:365,0
DA:370,0
DA:371,0
DA:378,0
DA:387,0
DA:388,0
DA:408,0
DA:409,0
DA:410,0
DA:412,0
DA:413,0
DA:414,0
DA:417,0
DA:418,0
DA:419,0
DA:423,0
DA:424,0
DA:425,0
DA:429,0
DA:430,0
DA:431,0
DA:435,0
DA:436,0
DA:437,0
DA:441,0
DA:442,0
DA:449,0
DA:457,0
DA:510,0
DA:511,0
DA:513,0
DA:514,0
DA:515,0
DA:526,0
DA:533,0
DA:541,0
DA:542,0
DA:544,0
DA:545,0
DA:548,0
DA:549,0
DA:550,0
DA:551,0
DA:552,0
DA:555,0
DA:558,0
DA:559,0
DA:560,0
DA:561,0
DA:562,0
DA:567,0
DA:574,0
DA:583,0
DA:601,0
DA:602,0
DA:604,0
DA:605,0
DA:606,0
DA:615,0
DA:616,0
DA:618,0
DA:624,0
DA:631,0
DA:639,0
DA:645,0
DA:647,0
DA:648,0
DA:650,0
DA:652,0
DA:653,0
DA:659,0
DA:660,0
DA:661,0
DA:662,0
DA:663,0
DA:666,0
DA:667,0
DA:676,0
DA:686,0
DA:693,0
DA:701,0
DA:707,0
DA:709,0
DA:710,0
DA:712,0
DA:714,0
DA:715,0
DA:716,0
DA:717,0
DA:724,0
DA:725,0
DA:734,0
DA:741,0
DA:749,0
DA:751,0
DA:754,0
DA:755,0
DA:756,0
DA:757,0
DA:758,0
DA:762,0
DA:763,0
DA:766,0
DA:776,0
DA:783,0
DA:785,0
DA:804,0
DA:805,0
DA:807,0
DA:809,0
DA:810,0
DA:811,0
DA:822,0
DA:829,0
DA:837,0
DA:838,0
DA:839,0
DA:840,0
DA:841,0
DA:844,0
DA:845,0
DA:846,0
DA:857,0
DA:859,0
DA:860,0
DA:861,0
DA:862,0
DA:864,0
DA:865,0
DA:876,0
DA:885,0
DA:892,0
DA:894,0
DA:913,0
DA:914,0
DA:916,0
DA:917,0
DA:918,0
DA:929,0
DA:936,0
DA:945,0
DA:946,0
DA:949,0
DA:950,0
DA:953,0
DA:954,0
DA:957,0
DA:958,0
DA:961,0
DA:962,0
DA:965,0
DA:966,0
DA:967,0
DA:968,0
DA:970,0
DA:977,0
DA:978,0
DA:979,0
DA:980,0
DA:982,0
DA:983,0
DA:986,0
DA:987,0
DA:988,0
DA:990,0
DA:991,0
DA:992,0
DA:993,0
DA:994,0
DA:1002,0
DA:1006,0
DA:1007,0
DA:1011,0
DA:1012,0
DA:1022,0
DA:1023,0
DA:1032,0
DA:1039,0
DA:1041,0
DA:1042,0
DA:1045,0
DA:1046,0
DA:1056,0
DA:1057,0
DA:1067,0
DA:1068,0
DA:1078,0
DA:1079,0
DA:1089,0
DA:1096,0
DA:1097,0
DA:1098,0
DA:1099,0
DA:1101,0
DA:1102,0
DA:1104,0
DA:1105,0
DA:1106,0
DA:1107,0
DA:1111,0
DA:1113,0
DA:1114,0
DA:1123,0
DA:1124,0
DA:1133,0
DA:1140,0
DA:1142,0
DA:1143,0
DA:1146,0
DA:1147,0
DA:1156,0
DA:1157,0
DA:1167,0
DA:1168,0
DA:1178,0
DA:1185,0
DA:1187,0
DA:1188,0
DA:1191,0
DA:1192,0
DA:1203,0
DA:1204,0
DA:1215,0
DA:1216,0
DA:1217,0
DA:1229,0
DA:1236,0
DA:1245,0
DA:1246,0
DA:1256,0
DA:1257,0
DA:1258,0
DA:1259,0
DA:1261,0
DA:1262,0
DA:1267,0
DA:1268,0
DA:1277,0
DA:1284,0
DA:1285,0
DA:1288,0
DA:1289,0
DA:1292,0
DA:1299,0
DA:1300,0
DA:1301,0
DA:1302,0
DA:1305,0
DA:1312,0
DA:1314,0
DA:1323,0
DA:1327,0
DA:1330,0
LF:365
LH:0
BRDA:64,0,0,0
BRDA:64,0,1,0
BRDA:79,1,0,0
BRDA:79,1,1,0
BRDA:94,2,0,0
BRDA:94,2,1,0
BRDA:140,3,0,0
BRDA:140,3,1,0
BRDA:166,4,0,0
BRDA:166,4,1,0
BRDA:181,5,0,0
BRDA:181,5,1,0
BRDA:227,6,0,0
BRDA:227,6,1,0
BRDA:278,7,0,0
BRDA:278,7,1,0
BRDA:341,8,0,0
BRDA:341,8,1,0
BRDA:357,9,0,0
BRDA:357,9,1,0
BRDA:370,10,0,0
BRDA:370,10,1,0
BRDA:370,11,0,0
BRDA:370,11,1,0
BRDA:417,12,0,0
BRDA:417,12,1,0
BRDA:423,13,0,0
BRDA:423,13,1,0
BRDA:429,14,0,0
BRDA:429,14,1,0
BRDA:435,15,0,0
BRDA:435,15,1,0
BRDA:441,16,0,0
BRDA:441,16,1,0
BRDA:514,17,0,0
BRDA:514,17,1,0
BRDA:549,18,0,0
BRDA:549,18,1,0
BRDA:550,19,0,0
BRDA:550,19,1,0
BRDA:605,20,0,0
BRDA:605,20,1,0
BRDA:615,21,0,0
BRDA:615,21,1,0
BRDA:666,22,0,0
BRDA:666,22,1,0
BRDA:678,23,0,0
BRDA:678,23,1,0
BRDA:716,24,0,0
BRDA:716,24,1,0
BRDA:716,25,0,0
BRDA:716,25,1,0
BRDA:716,25,2,0
BRDA:768,26,0,0
BRDA:768,26,1,0
BRDA:810,27,0,0
BRDA:810,27,1,0
BRDA:810,27,2,0
BRDA:844,28,0,0
BRDA:844,28,1,0
BRDA:844,29,0,0
BRDA:844,29,1,0
BRDA:845,30,0,0
BRDA:845,30,1,0
BRDA:857,31,0,0
BRDA:857,31,1,0
BRDA:857,32,0,0
BRDA:857,32,1,0
BRDA:864,33,0,0
BRDA:864,33,1,0
BRDA:878,34,0,0
BRDA:878,34,1,0
BRDA:917,35,0,0
BRDA:917,35,1,0
BRDA:986,36,0,0
BRDA:986,36,1,0
BRDA:986,37,0,0
BRDA:986,37,1,0
BRDA:990,38,0,0
BRDA:990,38,1,0
BRDA:990,39,0,0
BRDA:990,39,1,0
BRDA:992,40,0,0
BRDA:992,40,1,0
BRDA:993,41,0,0
BRDA:993,41,1,0
BRDA:1006,42,0,0
BRDA:1006,42,1,0
BRDA:1011,43,0,0
BRDA:1011,43,1,0
BRDA:1022,44,0,0
BRDA:1022,44,1,0
BRDA:1045,45,0,0
BRDA:1045,45,1,0
BRDA:1045,46,0,0
BRDA:1045,46,1,0
BRDA:1045,46,2,0
BRDA:1048,47,0,0
BRDA:1048,47,1,0
BRDA:1048,48,0,0
BRDA:1048,48,1,0
BRDA:1056,49,0,0
BRDA:1056,49,1,0
BRDA:1056,50,0,0
BRDA:1056,50,1,0
BRDA:1056,50,2,0
BRDA:1067,51,0,0
BRDA:1067,51,1,0
BRDA:1078,52,0,0
BRDA:1078,52,1,0
BRDA:1078,53,0,0
BRDA:1078,53,1,0
BRDA:1104,54,0,0
BRDA:1104,54,1,0
BRDA:1104,55,0,0
BRDA:1104,55,1,0
BRDA:1104,55,2,0
BRDA:1104,55,3,0
BRDA:1106,56,0,0
BRDA:1106,56,1,0
BRDA:1106,57,0,0
BRDA:1106,57,1,0
BRDA:1106,57,2,0
BRDA:1113,58,0,0
BRDA:1113,58,1,0
BRDA:1123,59,0,0
BRDA:1123,59,1,0
BRDA:1146,60,0,0
BRDA:1146,60,1,0
BRDA:1146,61,0,0
BRDA:1146,61,1,0
BRDA:1156,62,0,0
BRDA:1156,62,1,0
BRDA:1156,63,0,0
BRDA:1156,63,1,0
BRDA:1167,64,0,0
BRDA:1167,64,1,0
BRDA:1167,65,0,0
BRDA:1167,65,1,0
BRDA:1191,66,0,0
BRDA:1191,66,1,0
BRDA:1191,67,0,0
BRDA:1191,67,1,0
BRDA:1191,67,2,0
BRDA:1203,68,0,0
BRDA:1203,68,1,0
BRDA:1203,69,0,0
BRDA:1203,69,1,0
BRDA:1203,69,2,0
BRDA:1215,70,0,0
BRDA:1215,70,1,0
BRDA:1215,71,0,0
BRDA:1215,71,1,0
BRDA:1215,71,2,0
BRDA:1215,71,3,0
BRDA:1216,72,0,0
BRDA:1216,72,1,0
BRDA:1216,73,0,0
BRDA:1216,73,1,0
BRDA:1216,73,2,0
BRDA:1245,74,0,0
BRDA:1245,74,1,0
BRDA:1259,75,0,0
BRDA:1259,75,1,0
BRDA:1259,76,0,0
BRDA:1259,76,1,0
BRDA:1259,76,2,0
BRDA:1261,77,0,0
BRDA:1261,77,1,0
BRDA:1261,78,0,0
BRDA:1261,78,1,0
BRDA:1261,78,2,0
BRDA:1267,79,0,0
BRDA:1267,79,1,0
BRDA:1301,80,0,0
BRDA:1301,80,1,0
BRDA:1316,81,0,0
BRDA:1316,81,1,0
BRDA:1317,82,0,0
BRDA:1317,82,1,0
BRF:180
BRH:0
end_of_record
TN:
SF:src\commands.ts
FN:31,(anonymous_9)
FN:46,(anonymous_10)
FN:79,(anonymous_11)
FN:83,(anonymous_12)
FN:106,(anonymous_13)
FN:137,(anonymous_14)
FN:170,(anonymous_15)
FN:179,(anonymous_16)
FN:196,(anonymous_17)
FN:205,(anonymous_18)
FN:222,(anonymous_19)
FN:239,(anonymous_20)
FN:254,(anonymous_21)
FN:255,(anonymous_22)
FN:328,(anonymous_23)
FN:331,(anonymous_24)
FN:335,(anonymous_25)
FN:344,(anonymous_26)
FN:352,(anonymous_27)
FN:396,(anonymous_28)
FN:418,(anonymous_29)
FN:422,(anonymous_30)
FN:426,(anonymous_31)
FN:444,(anonymous_32)
FN:459,(anonymous_33)
FN:461,(anonymous_34)
FN:462,(anonymous_35)
FN:476,(anonymous_36)
FN:505,(anonymous_37)
FN:515,(anonymous_38)
FN:519,(anonymous_39)
FN:528,(anonymous_40)
FN:557,(anonymous_41)
FN:565,(anonymous_42)
FN:581,(anonymous_43)
FN:593,(anonymous_44)
FN:595,(anonymous_45)
FN:608,(anonymous_46)
FN:909,(anonymous_47)
FN:945,(anonymous_48)
FN:962,(anonymous_49)
FN:991,(anonymous_50)
FN:1001,(anonymous_51)
FN:1005,(anonymous_52)
FN:1028,(anonymous_53)
FN:1049,(anonymous_54)
FN:1051,(anonymous_55)
FN:1065,(anonymous_56)
FN:1082,(anonymous_57)
FN:1085,(anonymous_58)
FN:1095,(anonymous_59)
FN:1117,(anonymous_60)
FN:1130,(anonymous_61)
FN:1146,(anonymous_62)
FN:1157,(anonymous_63)
FN:1171,(anonymous_64)
FN:1332,(anonymous_65)
FN:1341,(anonymous_66)
FN:1350,(anonymous_67)
FN:1360,(anonymous_68)
FN:1372,(anonymous_69)
FN:1393,(anonymous_70)
FN:1410,(anonymous_71)
FN:1421,(anonymous_72)
FN:1497,(anonymous_73)
FN:1533,(anonymous_74)
FN:1550,(anonymous_75)
FN:1552,(anonymous_76)
FN:1587,(anonymous_77)
FN:1600,(anonymous_78)
FN:1649,(anonymous_79)
FN:1659,(anonymous_80)
FN:1695,(anonymous_81)
FN:1702,(anonymous_82)
FN:1717,(anonymous_83)
FN:1733,(anonymous_84)
FN:1749,(anonymous_85)
FN:1786,(anonymous_86)
FN:1832,(anonymous_87)
FN:1871,(anonymous_88)
FN:1908,(anonymous_89)
FN:1924,(anonymous_90)
FN:1932,(anonymous_91)
FN:1944,(anonymous_92)
FN:1949,(anonymous_93)
FN:1961,(anonymous_94)
FN:1972,(anonymous_95)
FN:2267,(anonymous_96)
FN:2281,(anonymous_97)
FN:2313,(anonymous_98)
FN:2334,(anonymous_99)
FN:2339,(anonymous_100)
FN:2348,(anonymous_101)
FN:2360,(anonymous_102)
FN:2362,(anonymous_103)
FN:2368,(anonymous_104)
FN:2373,(anonymous_105)
FN:2385,(anonymous_106)
FN:2405,(anonymous_107)
FN:2416,(anonymous_108)
FN:2426,(anonymous_109)
FN:2436,(anonymous_110)
FN:2470,(anonymous_111)
FN:2480,(anonymous_112)
FN:2508,(anonymous_113)
FN:2516,(anonymous_114)
FN:2522,(anonymous_115)
FN:2547,(anonymous_116)
FN:2558,(anonymous_117)
FN:2580,(anonymous_118)
FN:2592,(anonymous_119)
FN:2603,(anonymous_120)
FN:2614,(anonymous_121)
FN:2625,(anonymous_122)
FN:2635,(anonymous_123)
FN:2640,(anonymous_124)
FN:2671,(anonymous_125)
FN:2697,(anonymous_126)
FN:2714,(anonymous_127)
FN:2723,(anonymous_128)
FN:2732,(anonymous_129)
FN:2741,(anonymous_130)
FN:2746,(anonymous_131)
FNF:123
FNH:0
FNDA:0,(anonymous_9)
FNDA:0,(anonymous_10)
FNDA:0,(anonymous_11)
FNDA:0,(anonymous_12)
FNDA:0,(anonymous_13)
FNDA:0,(anonymous_14)
FNDA:0,(anonymous_15)
FNDA:0,(anonymous_16)
FNDA:0,(anonymous_17)
FNDA:0,(anonymous_18)
FNDA:0,(anonymous_19)
FNDA:0,(anonymous_20)
FNDA:0,(anonymous_21)
FNDA:0,(anonymous_22)
FNDA:0,(anonymous_23)
FNDA:0,(anonymous_24)
FNDA:0,(anonymous_25)
FNDA:0,(anonymous_26)
FNDA:0,(anonymous_27)
FNDA:0,(anonymous_28)
FNDA:0,(anonymous_29)
FNDA:0,(anonymous_30)
FNDA:0,(anonymous_31)
FNDA:0,(anonymous_32)
FNDA:0,(anonymous_33)
FNDA:0,(anonymous_34)
FNDA:0,(anonymous_35)
FNDA:0,(anonymous_36)
FNDA:0,(anonymous_37)
FNDA:0,(anonymous_38)
FNDA:0,(anonymous_39)
FNDA:0,(anonymous_40)
FNDA:0,(anonymous_41)
FNDA:0,(anonymous_42)
FNDA:0,(anonymous_43)
FNDA:0,(anonymous_44)
FNDA:0,(anonymous_45)
FNDA:0,(anonymous_46)
FNDA:0,(anonymous_47)
FNDA:0,(anonymous_48)
FNDA:0,(anonymous_49)
FNDA:0,(anonymous_50)
FNDA:0,(anonymous_51)
FNDA:0,(anonymous_52)
FNDA:0,(anonymous_53)
FNDA:0,(anonymous_54)
FNDA:0,(anonymous_55)
FNDA:0,(anonymous_56)
FNDA:0,(anonymous_57)
FNDA:0,(anonymous_58)
FNDA:0,(anonymous_59)
FNDA:0,(anonymous_60)
FNDA:0,(anonymous_61)
FNDA:0,(anonymous_62)
FNDA:0,(anonymous_63)
FNDA:0,(anonymous_64)
FNDA:0,(anonymous_65)
FNDA:0,(anonymous_66)
FNDA:0,(anonymous_67)
FNDA:0,(anonymous_68)
FNDA:0,(anonymous_69)
FNDA:0,(anonymous_70)
FNDA:0,(anonymous_71)
FNDA:0,(anonymous_72)
FNDA:0,(anonymous_73)
FNDA:0,(anonymous_74)
FNDA:0,(anonymous_75)
FNDA:0,(anonymous_76)
FNDA:0,(anonymous_77)
FNDA:0,(anonymous_78)
FNDA:0,(anonymous_79)
FNDA:0,(anonymous_80)
FNDA:0,(anonymous_81)
FNDA:0,(anonymous_82)
FNDA:0,(anonymous_83)
FNDA:0,(anonymous_84)
FNDA:0,(anonymous_85)
FNDA:0,(anonymous_86)
FNDA:0,(anonymous_87)
FNDA:0,(anonymous_88)
FNDA:0,(anonymous_89)
FNDA:0,(anonymous_90)
FNDA:0,(anonymous_91)
FNDA:0,(anonymous_92)
FNDA:0,(anonymous_93)
FNDA:0,(anonymous_94)
FNDA:0,(anonymous_95)
FNDA:0,(anonymous_96)
FNDA:0,(anonymous_97)
FNDA:0,(anonymous_98)
FNDA:0,(anonymous_99)
FNDA:0,(anonymous_100)
FNDA:0,(anonymous_101)
FNDA:0,(anonymous_102)
FNDA:0,(anonymous_103)
FNDA:0,(anonymous_104)
FNDA:0,(anonymous_105)
FNDA:0,(anonymous_106)
FNDA:0,(anonymous_107)
FNDA:0,(anonymous_108)
FNDA:0,(anonymous_109)
FNDA:0,(anonymous_110)
FNDA:0,(anonymous_111)
FNDA:0,(anonymous_112)
FNDA:0,(anonymous_113)
FNDA:0,(anonymous_114)
FNDA:0,(anonymous_115)
FNDA:0,(anonymous_116)
FNDA:0,(anonymous_117)
FNDA:0,(anonymous_118)
FNDA:0,(anonymous_119)
FNDA:0,(anonymous_120)
FNDA:0,(anonymous_121)
FNDA:0,(anonymous_122)
FNDA:0,(anonymous_123)
FNDA:0,(anonymous_124)
FNDA:0,(anonymous_125)
FNDA:0,(anonymous_126)
FNDA:0,(anonymous_127)
FNDA:0,(anonymous_128)
FNDA:0,(anonymous_129)
FNDA:0,(anonymous_130)
FNDA:0,(anonymous_131)
DA:1,0
DA:2,0
DA:3,0
DA:4,0
DA:5,0
DA:6,0
DA:7,0
DA:8,0
DA:9,0
DA:10,0
DA:11,0
DA:12,0
DA:14,0
DA:16,0
DA:32,0
DA:33,0
DA:34,0
DA:35,0
DA:36,0
DA:37,0
DA:38,0
DA:39,0
DA:40,0
DA:41,0
DA:42,0
DA:43,0
DA:47,0
DA:49,0
DA:79,0
DA:80,0
DA:84,0
DA:85,0
DA:90,0
DA:91,0
DA:94,0
DA:101,0
DA:102,0
DA:107,0
DA:108,0
DA:109,0
DA:110,0
DA:111,0
DA:114,0
DA:115,0
DA:117,0
DA:118,0
DA:119,0
DA:122,0
DA:124,0
DA:132,0
DA:133,0
DA:138,0
DA:139,0
DA:140,0
DA:141,0
DA:142,0
DA:145,0
DA:146,0
DA:148,0
DA:150,0
DA:151,0
DA:153,0
DA:154,0
DA:156,0
DA:161,0
DA:165,0
DA:166,0
DA:171,0
DA:172,0
DA:174,0
DA:175,0
DA:180,0
DA:181,0
DA:182,0
DA:183,0
DA:184,0
DA:187,0
DA:188,0
DA:191,0
DA:192,0
DA:197,0
DA:198,0
DA:200,0
DA:201,0
DA:202,0
DA:205,0
DA:206,0
DA:209,0
DA:214,0
DA:217,0
DA:218,0
DA:223,0
DA:224,0
DA:225,0
DA:226,0
DA:227,0
DA:230,0
DA:231,0
DA:234,0
DA:235,0
DA:240,0
DA:241,0
DA:243,0
DA:245,0
DA:246,0
DA:250,0
DA:251,0
DA:254,0
DA:255,0
DA:256,0
DA:261,0
DA:263,0
DA:266,0
DA:267,0
DA:268,0
DA:272,0
DA:273,0
DA:274,0
DA:277,0
DA:278,0
DA:281,0
DA:293,0
DA:296,0
DA:298,0
DA:307,0
DA:308,0
DA:311,0
DA:322,0
DA:324,0
DA:331,0
DA:332,0
DA:333,0
DA:335,0
DA:336,0
DA:337,0
DA:338,0
DA:339,0
DA:340,0
DA:344,0
DA:345,0
DA:346,0
DA:347,0
DA:353,0
DA:354,0
DA:355,0
DA:358,0
DA:359,0
DA:362,0
DA:365,0
DA:370,0
DA:373,0
DA:380,0
DA:383,0
DA:385,0
DA:393,0
DA:397,0
DA:400,0
DA:406,0
DA:411,0
DA:416,0
DA:418,0
DA:419,0
DA:422,0
DA:423,0
DA:426,0
DA:427,0
DA:431,0
DA:432,0
DA:433,0
DA:436,0
DA:437,0
DA:439,0
DA:440,0
DA:441,0
DA:445,0
DA:446,0
DA:449,0
DA:451,0
DA:452,0
DA:453,0
DA:454,0
DA:456,0
DA:460,0
DA:461,0
DA:462,0
DA:465,0
DA:466,0
DA:470,0
DA:471,0
DA:477,0
DA:479,0
DA:480,0
DA:483,0
DA:484,0
DA:487,0
DA:488,0
DA:490,0
DA:496,0
DA:498,0
DA:499,0
DA:500,0
DA:506,0
DA:507,0
DA:509,0
DA:510,0
DA:512,0
DA:516,0
DA:520,0
DA:521,0
DA:522,0
DA:524,0
DA:529,0
DA:531,0
DA:532,0
DA:533,0
DA:534,0
DA:537,0
DA:540,0
DA:541,0
DA:548,0
DA:549,0
DA:551,0
DA:553,0
DA:558,0
DA:559,0
DA:561,0
DA:566,0
DA:577,0
DA:579,0
DA:581,0
DA:582,0
DA:584,0
DA:585,0
DA:587,0
DA:588,0
DA:594,0
DA:595,0
DA:597,0
DA:609,0
DA:910,0
DA:912,0
DA:920,0
DA:935,0
DA:940,0
DA:942,0
DA:946,0
DA:947,0
DA:952,0
DA:958,0
DA:963,0
DA:992,0
DA:993,0
DA:994,0
DA:995,0
DA:996,0
DA:997,0
DA:1006,0
DA:1008,0
DA:1011,0
DA:1013,0
DA:1014,0
DA:1015,0
DA:1019,0
DA:1021,0
DA:1022,0
DA:1023,0
DA:1027,0
DA:1028,0
DA:1040,0
DA:1041,0
DA:1045,0
DA:1050,0
DA:1051,0
DA:1052,0
DA:1054,0
DA:1066,0
DA:1068,0
DA:1069,0
DA:1071,0
DA:1072,0
DA:1073,0
DA:1082,0
DA:1087,0
DA:1090,0
DA:1091,0
DA:1095,0
DA:1096,0
DA:1100,0
DA:1101,0
DA:1105,0
DA:1106,0
DA:1110,0
DA:1111,0
DA:1114,0
DA:1119,0
DA:1120,0
DA:1121,0
DA:1122,0
DA:1123,0
DA:1124,0
DA:1126,0
DA:1131,0
DA:1133,0
DA:1139,0
DA:1140,0
DA:1143,0
DA:1147,0
DA:1148,0
DA:1153,0
DA:1158,0
DA:1168,0
DA:1172,0
DA:1332,0
DA:1341,0
DA:1350,0
DA:1361,0
DA:1363,0
DA:1365,0
DA:1366,0
DA:1367,0
DA:1371,0
DA:1372,0
DA:1384,0
DA:1385,0
DA:1389,0
DA:1394,0
DA:1405,0
DA:1407,0
DA:1409,0
DA:1411,0
DA:1413,0
DA:1414,0
DA:1415,0
DA:1422,0
DA:1498,0
DA:1500,0
DA:1508,0
DA:1523,0
DA:1528,0
DA:1530,0
DA:1534,0
DA:1535,0
DA:1540,0
DA:1546,0
DA:1551,0
DA:1552,0
DA:1588,0
DA:1589,0
DA:1590,0
DA:1591,0
DA:1592,0
DA:1593,0
DA:1601,0
DA:1602,0
DA:1611,0
DA:1615,0
DA:1616,0
DA:1620,0
DA:1622,0
DA:1623,0
DA:1625,0
DA:1626,0
DA:1628,0
DA:1629,0
DA:1631,0
DA:1632,0
DA:1634,0
DA:1635,0
DA:1637,0
DA:1638,0
DA:1641,0
DA:1644,0
DA:1645,0
DA:1650,0
DA:1651,0
DA:1652,0
DA:1653,0
DA:1655,0
DA:1660,0
DA:1692,0
DA:1696,0
DA:1697,0
DA:1703,0
DA:1709,0
DA:1714,0
DA:1718,0
DA:1728,0
DA:1734,0
DA:1742,0
DA:1743,0
DA:1750,0
DA:1752,0
DA:1753,0
DA:1754,0
DA:1755,0
DA:1759,0
DA:1761,0
DA:1762,0
DA:1763,0
DA:1767,0
DA:1774,0
DA:1775,0
DA:1778,0
DA:1779,0
DA:1787,0
DA:1788,0
DA:1789,0
DA:1791,0
DA:1794,0
DA:1795,0
DA:1796,0
DA:1797,0
DA:1798,0
DA:1799,0
DA:1800,0
DA:1805,0
DA:1806,0
DA:1807,0
DA:1808,0
DA:1812,0
DA:1813,0
DA:1817,0
DA:1818,0
DA:1820,0
DA:1824,0
DA:1825,0
DA:1833,0
DA:1834,0
DA:1835,0
DA:1837,0
DA:1858,0
DA:1863,0
DA:1866,0
DA:1867,0
DA:1872,0
DA:1873,0
DA:1874,0
DA:1875,0
DA:1876,0
DA:1879,0
DA:1880,0
DA:1892,0
DA:1893,0
DA:1895,0
DA:1896,0
DA:1898,0
DA:1899,0
DA:1903,0
DA:1904,0
DA:1909,0
DA:1919,0
DA:1920,0
DA:1923,0
DA:1925,0
DA:1927,0
DA:1928,0
DA:1929,0
DA:1931,0
DA:1932,0
DA:1933,0
DA:1936,0
DA:1945,0
DA:1946,0
DA:1947,0
DA:1949,0
DA:1961,0
DA:1972,0
DA:1978,0
DA:2269,0
DA:2270,0
DA:2272,0
DA:2273,0
DA:2275,0
DA:2276,0
DA:2278,0
DA:2282,0
DA:2285,0
DA:2286,0
DA:2287,0
DA:2290,0
DA:2291,0
DA:2292,0
DA:2293,0
DA:2294,0
DA:2295,0
DA:2296,0
DA:2297,0
DA:2298,0
DA:2305,0
DA:2306,0
DA:2307,0
DA:2310,0
DA:2314,0
DA:2315,0
DA:2316,0
DA:2317,0
DA:2320,0
DA:2330,0
DA:2331,0
DA:2333,0
DA:2335,0
DA:2339,0
DA:2340,0
DA:2343,0
DA:2344,0
DA:2349,0
DA:2350,0
DA:2351,0
DA:2352,0
DA:2353,0
DA:2355,0
DA:2360,0
DA:2362,0
DA:2368,0
DA:2373,0
DA:2380,0
DA:2381,0
DA:2386,0
DA:2387,0
DA:2389,0
DA:2390,0
DA:2392,0
DA:2393,0
DA:2395,0
DA:2396,0
DA:2398,0
DA:2401,0
DA:2406,0
DA:2409,0
DA:2411,0
DA:2412,0
DA:2417,0
DA:2419,0
DA:2421,0
DA:2422,0
DA:2427,0
DA:2429,0
DA:2431,0
DA:2432,0
DA:2437,0
DA:2438,0
DA:2439,0
DA:2440,0
DA:2441,0
DA:2444,0
DA:2445,0
DA:2448,0
DA:2450,0
DA:2451,0
DA:2453,0
DA:2454,0
DA:2456,0
DA:2460,0
DA:2464,0
DA:2465,0
DA:2471,0
DA:2472,0
DA:2473,0
DA:2475,0
DA:2476,0
DA:2481,0
DA:2482,0
DA:2483,0
DA:2484,0
DA:2485,0
DA:2489,0
DA:2491,0
DA:2496,0
DA:2498,0
DA:2499,0
DA:2500,0
DA:2503,0
DA:2504,0
DA:2509,0
DA:2510,0
DA:2511,0
DA:2512,0
DA:2513,0
DA:2514,0
DA:2515,0
DA:2516,0
DA:2517,0
DA:2519,0
DA:2523,0
DA:2524,0
DA:2525,0
DA:2526,0
DA:2527,0
DA:2531,0
DA:2533,0
DA:2540,0
DA:2542,0
DA:2543,0
DA:2549,0
DA:2559,0
DA:2581,0
DA:2593,0
DA:2604,0
DA:2615,0
DA:2626,0
DA:2627,0
DA:2628,0
DA:2629,0
DA:2630,0
DA:2632,0
DA:2636,0
DA:2637,0
DA:2641,0
DA:2642,0
DA:2643,0
DA:2645,0
DA:2646,0
DA:2648,0
DA:2649,0
DA:2652,0
DA:2654,0
DA:2655,0
DA:2656,0
DA:2672,0
DA:2674,0
DA:2675,0
DA:2680,0
DA:2683,0
DA:2684,0
DA:2692,0
DA:2693,0
DA:2700,0
DA:2702,0
DA:2704,0
DA:2706,0
DA:2708,0
DA:2710,0
DA:2715,0
DA:2716,0
DA:2718,0
DA:2719,0
DA:2724,0
DA:2725,0
DA:2727,0
DA:2728,0
DA:2733,0
DA:2734,0
DA:2736,0
DA:2737,0
DA:2743,0
DA:2747,0
LF:646
LH:0
BRDA:42,0,0,0
BRDA:42,0,1,0
BRDA:43,1,0,0
BRDA:43,1,1,0
BRDA:90,2,0,0
BRDA:90,2,1,0
BRDA:109,3,0,0
BRDA:109,3,1,0
BRDA:117,4,0,0
BRDA:117,4,1,0
BRDA:140,5,0,0
BRDA:140,5,1,0
BRDA:150,6,0,0
BRDA:150,6,1,0
BRDA:182,7,0,0
BRDA:182,7,1,0
BRDA:200,8,0,0
BRDA:200,8,1,0
BRDA:225,9,0,0
BRDA:225,9,1,0
BRDA:245,10,0,0
BRDA:245,10,1,0
BRDA:267,11,0,0
BRDA:267,11,1,0
BRDA:267,12,0,0
BRDA:267,12,1,0
BRDA:273,13,0,0
BRDA:273,13,1,0
BRDA:289,14,0,0
BRDA:289,14,1,0
BRDA:290,15,0,0
BRDA:290,15,1,0
BRDA:300,16,0,0
BRDA:300,16,1,0
BRDA:301,17,0,0
BRDA:301,17,1,0
BRDA:302,18,0,0
BRDA:302,18,1,0
BRDA:319,19,0,0
BRDA:319,19,1,0
BRDA:345,20,0,0
BRDA:345,20,1,0
BRDA:370,21,0,0
BRDA:370,21,1,0
BRDA:380,22,0,0
BRDA:380,22,1,0
BRDA:397,23,0,0
BRDA:397,23,1,0
BRDA:419,24,0,0
BRDA:419,24,1,0
BRDA:423,25,0,0
BRDA:423,25,1,0
BRDA:427,26,0,0
BRDA:427,26,1,0
BRDA:432,27,0,0
BRDA:432,27,1,0
BRDA:433,28,0,0
BRDA:433,28,1,0
BRDA:436,29,0,0
BRDA:436,29,1,0
BRDA:439,30,0,0
BRDA:439,30,1,0
BRDA:440,31,0,0
BRDA:440,31,1,0
BRDA:445,32,0,0
BRDA:445,32,1,0
BRDA:445,33,0,0
BRDA:445,33,1,0
BRDA:451,34,0,0
BRDA:451,34,1,0
BRDA:451,35,0,0
BRDA:451,35,1,0
BRDA:452,36,0,0
BRDA:452,36,1,0
BRDA:452,37,0,0
BRDA:452,37,1,0
BRDA:452,37,2,0
BRDA:453,38,0,0
BRDA:453,38,1,0
BRDA:453,39,0,0
BRDA:453,39,1,0
BRDA:453,39,2,0
BRDA:454,40,0,0
BRDA:454,40,1,0
BRDA:454,41,0,0
BRDA:454,41,1,0
BRDA:454,41,2,0
BRDA:465,42,0,0
BRDA:465,42,1,0
BRDA:470,43,0,0
BRDA:470,43,1,0
BRDA:479,44,0,0
BRDA:479,44,1,0
BRDA:479,45,0,0
BRDA:479,45,1,0
BRDA:483,46,0,0
BRDA:483,46,1,0
BRDA:483,47,0,0
BRDA:483,47,1,0
BRDA:487,48,0,0
BRDA:487,48,1,0
BRDA:496,49,0,0
BRDA:496,49,1,0
BRDA:506,50,0,0
BRDA:506,50,1,0
BRDA:506,51,0,0
BRDA:506,51,1,0
BRDA:509,52,0,0
BRDA:509,52,1,0
BRDA:509,53,0,0
BRDA:509,53,1,0
BRDA:532,54,0,0
BRDA:532,54,1,0
BRDA:532,55,0,0
BRDA:532,55,1,0
BRDA:582,56,0,0
BRDA:582,56,1,0
BRDA:595,57,0,0
BRDA:595,57,1,0
BRDA:602,58,0,0
BRDA:602,58,1,0
BRDA:603,59,0,0
BRDA:603,59,1,0
BRDA:946,60,0,0
BRDA:946,60,1,0
BRDA:972,61,0,0
BRDA:972,61,1,0
BRDA:975,62,0,0
BRDA:975,62,1,0
BRDA:992,63,0,0
BRDA:992,63,1,0
BRDA:992,63,2,0
BRDA:992,63,3,0
BRDA:992,63,4,0
BRDA:1013,64,0,0
BRDA:1013,64,1,0
BRDA:1021,65,0,0
BRDA:1021,65,1,0
BRDA:1040,66,0,0
BRDA:1040,66,1,0
BRDA:1051,67,0,0
BRDA:1051,67,1,0
BRDA:1055,68,0,0
BRDA:1055,68,1,0
BRDA:1056,69,0,0
BRDA:1056,69,1,0
BRDA:1057,70,0,0
BRDA:1057,70,1,0
BRDA:1058,71,0,0
BRDA:1058,71,1,0
BRDA:1059,72,0,0
BRDA:1059,72,1,0
BRDA:1060,73,0,0
BRDA:1060,73,1,0
BRDA:1071,74,0,0
BRDA:1071,74,1,0
BRDA:1090,75,0,0
BRDA:1090,75,1,0
BRDA:1090,76,0,0
BRDA:1090,76,1,0
BRDA:1090,76,2,0
BRDA:1095,77,0,0
BRDA:1095,77,1,0
BRDA:1095,78,0,0
BRDA:1095,78,1,0
BRDA:1095,78,2,0
BRDA:1100,79,0,0
BRDA:1100,79,1,0
BRDA:1100,80,0,0
BRDA:1100,80,1,0
BRDA:1100,80,2,0
BRDA:1105,81,0,0
BRDA:1105,81,1,0
BRDA:1105,82,0,0
BRDA:1105,82,1,0
BRDA:1105,82,2,0
BRDA:1110,83,0,0
BRDA:1110,83,1,0
BRDA:1110,84,0,0
BRDA:1110,84,1,0
BRDA:1119,85,0,0
BRDA:1119,85,1,0
BRDA:1121,86,0,0
BRDA:1121,86,1,0
BRDA:1123,87,0,0
BRDA:1123,87,1,0
BRDA:1140,88,0,0
BRDA:1140,88,1,0
BRDA:1147,89,0,0
BRDA:1147,89,1,0
BRDA:1288,90,0,0
BRDA:1288,90,1,0
BRDA:1297,91,0,0
BRDA:1297,91,1,0
BRDA:1301,92,0,0
BRDA:1301,92,1,0
BRDA:1305,93,0,0
BRDA:1305,93,1,0
BRDA:1328,94,0,0
BRDA:1328,94,1,0
BRDA:1337,95,0,0
BRDA:1337,95,1,0
BRDA:1346,96,0,0
BRDA:1346,96,1,0
BRDA:1365,97,0,0
BRDA:1365,97,1,0
BRDA:1374,98,0,0
BRDA:1374,98,1,0
BRDA:1375,99,0,0
BRDA:1375,99,1,0
BRDA:1384,100,0,0
BRDA:1384,100,1,0
BRDA:1411,101,0,0
BRDA:1534,102,0,0
BRDA:1534,102,1,0
BRDA:1559,103,0,0
BRDA:1559,103,1,0
BRDA:1560,104,0,0
BRDA:1560,104,1,0
BRDA:1565,105,0,0
BRDA:1565,105,1,0
BRDA:1568,106,0,0
BRDA:1568,106,1,0
BRDA:1571,107,0,0
BRDA:1571,107,1,0
BRDA:1588,108,0,0
BRDA:1588,108,1,0
BRDA:1588,108,2,0
BRDA:1588,108,3,0
BRDA:1588,108,4,0
BRDA:1615,109,0,0
BRDA:1615,109,1,0
BRDA:1620,110,0,0
BRDA:1620,110,1,0
BRDA:1620,110,2,0
BRDA:1620,110,3,0
BRDA:1620,110,4,0
BRDA:1620,110,5,0
BRDA:1651,111,0,0
BRDA:1651,111,1,0
BRDA:1753,112,0,0
BRDA:1753,112,1,0
BRDA:1761,113,0,0
BRDA:1761,113,1,0
BRDA:1794,114,0,0
BRDA:1794,114,1,0
BRDA:1796,115,0,0
BRDA:1796,115,1,0
BRDA:1805,116,0,0
BRDA:1805,116,1,0
BRDA:1807,117,0,0
BRDA:1807,117,1,0
BRDA:1817,118,0,0
BRDA:1817,118,1,0
BRDA:1845,119,0,0
BRDA:1845,119,1,0
BRDA:1845,120,0,0
BRDA:1845,120,1,0
BRDA:1846,121,0,0
BRDA:1846,121,1,0
BRDA:1846,122,0,0
BRDA:1846,122,1,0
BRDA:1849,123,0,0
BRDA:1849,123,1,0
BRDA:1874,124,0,0
BRDA:1874,124,1,0
BRDA:1892,125,0,0
BRDA:1892,125,1,0
BRDA:1895,126,0,0
BRDA:1895,126,1,0
BRDA:1925,127,0,0
BRDA:1925,127,1,0
BRDA:1931,128,0,0
BRDA:1931,128,1,0
BRDA:1956,129,0,0
BRDA:1956,129,1,0
BRDA:1957,130,0,0
BRDA:1957,130,1,0
BRDA:1968,131,0,0
BRDA:1968,131,1,0
BRDA:2185,132,0,0
BRDA:2185,132,1,0
BRDA:2192,133,0,0
BRDA:2192,133,1,0
BRDA:2199,134,0,0
BRDA:2199,134,1,0
BRDA:2206,135,0,0
BRDA:2206,135,1,0
BRDA:2206,136,0,0
BRDA:2206,136,1,0
BRDA:2270,137,0,0
BRDA:2270,137,1,0
BRDA:2273,138,0,0
BRDA:2273,138,1,0
BRDA:2276,139,0,0
BRDA:2276,139,1,0
BRDA:2286,140,0,0
BRDA:2286,140,1,0
BRDA:2293,141,0,0
BRDA:2293,141,1,0
BRDA:2294,142,0,0
BRDA:2294,142,1,0
BRDA:2295,143,0,0
BRDA:2295,143,1,0
BRDA:2296,144,0,0
BRDA:2296,144,1,0
BRDA:2297,145,0,0
BRDA:2297,145,1,0
BRDA:2298,146,0,0
BRDA:2298,146,1,0
BRDA:2306,147,0,0
BRDA:2306,147,1,0
BRDA:2315,148,0,0
BRDA:2315,148,1,0
BRDA:2356,149,0,0
BRDA:2356,149,1,0
BRDA:2359,150,0,0
BRDA:2359,150,1,0
BRDA:2360,151,0,0
BRDA:2360,151,1,0
BRDA:2375,152,0,0
BRDA:2375,152,1,0
BRDA:2387,153,0,0
BRDA:2387,153,1,0
BRDA:2387,153,2,0
BRDA:2387,153,3,0
BRDA:2439,154,0,0
BRDA:2439,154,1,0
BRDA:2450,155,0,0
BRDA:2450,155,1,0
BRDA:2483,156,0,0
BRDA:2483,156,1,0
BRDA:2496,157,0,0
BRDA:2496,157,1,0
BRDA:2517,158,0,0
BRDA:2517,158,1,0
BRDA:2517,159,0,0
BRDA:2517,159,1,0
BRDA:2517,160,0,0
BRDA:2517,160,1,0
BRDA:2517,161,0,0
BRDA:2517,161,1,0
BRDA:2525,162,0,0
BRDA:2525,162,1,0
BRDA:2632,163,0,0
BRDA:2632,163,1,0
BRDA:2637,164,0,0
BRDA:2637,164,1,0
BRDA:2642,165,0,0
BRDA:2642,165,1,0
BRDA:2645,166,0,0
BRDA:2645,166,1,0
BRDA:2683,167,0,0
BRDA:2683,167,1,0
BRDA:2700,168,0,0
BRDA:2700,168,1,0
BRDA:2700,168,2,0
BRDA:2700,168,3,0
BRDA:2700,168,4,0
BRF:359
BRH:0
end_of_record
TN:
SF:src\cursorrulesEngine.ts
FN:115,(anonymous_9)
FN:139,(anonymous_10)
FN:146,(anonymous_11)
FN:152,(anonymous_12)
FN:169,(anonymous_13)
FN:171,(anonymous_14)
FN:184,(anonymous_15)
FN:199,(anonymous_16)
FN:200,(anonymous_17)
FN:209,(anonymous_18)
FN:218,(anonymous_19)
FN:219,(anonymous_20)
FN:228,(anonymous_21)
FN:229,(anonymous_22)
FN:232,(anonymous_23)
FN:236,(anonymous_24)
FN:237,(anonymous_25)
FN:240,(anonymous_26)
FN:262,(anonymous_27)
FN:281,(anonymous_28)
FN:320,(anonymous_29)
FN:342,(anonymous_30)
FN:352,(anonymous_31)
FN:381,(anonymous_32)
FN:382,(anonymous_33)
FN:393,(anonymous_34)
FN:394,(anonymous_35)
FN:404,(anonymous_36)
FN:408,(anonymous_37)
FN:411,(anonymous_38)
FN:412,(anonymous_39)
FN:413,(anonymous_40)
FN:417,(anonymous_41)
FN:420,(anonymous_42)
FN:424,(anonymous_43)
FN:428,(anonymous_44)
FN:432,(anonymous_45)
FN:440,(anonymous_46)
FN:446,(anonymous_47)
FN:447,(anonymous_48)
FN:463,(anonymous_49)
FN:526,(anonymous_50)
FN:528,(anonymous_51)
FN:529,(anonymous_52)
FN:539,(anonymous_53)
FN:540,(anonymous_54)
FN:557,(anonymous_55)
FN:660,(anonymous_56)
FN:661,(anonymous_57)
FN:671,(anonymous_58)
FN:765,(anonymous_59)
FN:766,(anonymous_60)
FN:776,(anonymous_61)
FN:777,(anonymous_62)
FN:791,(anonymous_63)
FN:792,(anonymous_64)
FN:800,(anonymous_65)
FN:808,(anonymous_66)
FN:831,(anonymous_67)
FN:886,(anonymous_68)
FN:974,(anonymous_69)
FN:978,(anonymous_70)
FN:982,(anonymous_71)
FN:986,(anonymous_72)
FNF:64
FNH:0
FNDA:0,(anonymous_9)
FNDA:0,(anonymous_10)
FNDA:0,(anonymous_11)
FNDA:0,(anonymous_12)
FNDA:0,(anonymous_13)
FNDA:0,(anonymous_14)
FNDA:0,(anonymous_15)
FNDA:0,(anonymous_16)
FNDA:0,(anonymous_17)
FNDA:0,(anonymous_18)
FNDA:0,(anonymous_19)
FNDA:0,(anonymous_20)
FNDA:0,(anonymous_21)
FNDA:0,(anonymous_22)
FNDA:0,(anonymous_23)
FNDA:0,(anonymous_24)
FNDA:0,(anonymous_25)
FNDA:0,(anonymous_26)
FNDA:0,(anonymous_27)
FNDA:0,(anonymous_28)
FNDA:0,(anonymous_29)
FNDA:0,(anonymous_30)
FNDA:0,(anonymous_31)
FNDA:0,(anonymous_32)
FNDA:0,(anonymous_33)
FNDA:0,(anonymous_34)
FNDA:0,(anonymous_35)
FNDA:0,(anonymous_36)
FNDA:0,(anonymous_37)
FNDA:0,(anonymous_38)
FNDA:0,(anonymous_39)
FNDA:0,(anonymous_40)
FNDA:0,(anonymous_41)
FNDA:0,(anonymous_42)
FNDA:0,(anonymous_43)
FNDA:0,(anonymous_44)
FNDA:0,(anonymous_45)
FNDA:0,(anonymous_46)
FNDA:0,(anonymous_47)
FNDA:0,(anonymous_48)
FNDA:0,(anonymous_49)
FNDA:0,(anonymous_50)
FNDA:0,(anonymous_51)
FNDA:0,(anonymous_52)
FNDA:0,(anonymous_53)
FNDA:0,(anonymous_54)
FNDA:0,(anonymous_55)
FNDA:0,(anonymous_56)
FNDA:0,(anonymous_57)
FNDA:0,(anonymous_58)
FNDA:0,(anonymous_59)
FNDA:0,(anonymous_60)
FNDA:0,(anonymous_61)
FNDA:0,(anonymous_62)
FNDA:0,(anonymous_63)
FNDA:0,(anonymous_64)
FNDA:0,(anonymous_65)
FNDA:0,(anonymous_66)
FNDA:0,(anonymous_67)
FNDA:0,(anonymous_68)
FNDA:0,(anonymous_69)
FNDA:0,(anonymous_70)
FNDA:0,(anonymous_71)
FNDA:0,(anonymous_72)
DA:1,0
DA:3,0
DA:4,0
DA:5,0
DA:108,0
DA:109,0
DA:116,0
DA:117,0
DA:118,0
DA:119,0
DA:120,0
DA:121,0
DA:124,0
DA:127,0
DA:130,0
DA:133,0
DA:136,0
DA:140,0
DA:141,0
DA:142,0
DA:147,0
DA:148,0
DA:149,0
DA:150,0
DA:151,0
DA:152,0
DA:153,0
DA:159,0
DA:161,0
DA:164,0
DA:165,0
DA:170,0
DA:171,0
DA:177,0
DA:178,0
DA:180,0
DA:185,0
DA:193,0
DA:194,0
DA:195,0
DA:196,0
DA:200,0
DA:201,0
DA:203,0
DA:209,0
DA:210,0
DA:211,0
DA:213,0
DA:214,0
DA:215,0
DA:219,0
DA:220,0
DA:222,0
DA:223,0
DA:224,0
DA:225,0
DA:229,0
DA:233,0
DA:237,0
DA:241,0
DA:243,0
DA:244,0
DA:246,0
DA:247,0
DA:248,0
DA:249,0
DA:252,0
DA:253,0
DA:254,0
DA:259,0
DA:263,0
DA:264,0
DA:265,0
DA:268,0
DA:270,0
DA:271,0
DA:272,0
DA:273,0
DA:274,0
DA:275,0
DA:276,0
DA:278,0
DA:281,0
DA:282,0
DA:283,0
DA:284,0
DA:285,0
DA:286,0
DA:287,0
DA:288,0
DA:289,0
DA:292,0
DA:296,0
DA:297,0
DA:298,0
DA:299,0
DA:300,0
DA:301,0
DA:302,0
DA:303,0
DA:306,0
DA:310,0
DA:321,0
DA:339,0
DA:343,0
DA:344,0
DA:345,0
DA:346,0
DA:349,0
DA:353,0
DA:355,0
DA:357,0
DA:358,0
DA:359,0
DA:360,0
DA:362,0
DA:363,0
DA:364,0
DA:365,0
DA:367,0
DA:368,0
DA:369,0
DA:370,0
DA:372,0
DA:373,0
DA:374,0
DA:375,0
DA:378,0
DA:382,0
DA:383,0
DA:384,0
DA:385,0
DA:387,0
DA:388,0
DA:389,0
DA:394,0
DA:395,0
DA:396,0
DA:397,0
DA:399,0
DA:400,0
DA:405,0
DA:409,0
DA:411,0
DA:412,0
DA:413,0
DA:418,0
DA:420,0
DA:421,0
DA:424,0
DA:425,0
DA:428,0
DA:429,0
DA:432,0
DA:433,0
DA:436,0
DA:437,0
DA:440,0
DA:441,0
DA:447,0
DA:448,0
DA:449,0
DA:464,0
DA:527,0
DA:528,0
DA:529,0
DA:530,0
DA:531,0
DA:540,0
DA:541,0
DA:542,0
DA:558,0
DA:660,0
DA:661,0
DA:662,0
DA:663,0
DA:672,0
DA:765,0
DA:766,0
DA:767,0
DA:768,0
DA:777,0
DA:778,0
DA:780,0
DA:781,0
DA:782,0
DA:784,0
DA:785,0
DA:792,0
DA:793,0
DA:801,0
DA:802,0
DA:803,0
DA:804,0
DA:806,0
DA:807,0
DA:808,0
DA:810,0
DA:811,0
DA:823,0
DA:825,0
DA:826,0
DA:832,0
DA:833,0
DA:834,0
DA:835,0
DA:836,0
DA:838,0
DA:839,0
DA:840,0
DA:841,0
DA:843,0
DA:845,0
DA:846,0
DA:847,0
DA:851,0
DA:852,0
DA:856,0
DA:857,0
DA:861,0
DA:862,0
DA:866,0
DA:867,0
DA:871,0
DA:872,0
DA:876,0
DA:877,0
DA:881,0
DA:882,0
DA:886,0
DA:887,0
DA:889,0
DA:890,0
DA:894,0
DA:895,0
DA:899,0
DA:900,0
DA:904,0
DA:905,0
DA:909,0
DA:910,0
DA:914,0
DA:915,0
DA:919,0
DA:920,0
DA:924,0
DA:925,0
DA:929,0
DA:930,0
DA:934,0
DA:935,0
DA:939,0
DA:940,0
DA:944,0
DA:945,0
DA:949,0
DA:950,0
DA:954,0
DA:955,0
DA:961,0
DA:962,0
DA:967,0
DA:970,0
DA:975,0
DA:979,0
DA:983,0
DA:987,0
DA:988,0
DA:989,0
DA:990,0
LF:270
LH:0
BRDA:119,0,0,0
BRDA:119,0,1,0
BRDA:141,1,0,0
BRDA:141,1,1,0
BRDA:148,2,0,0
BRDA:148,2,1,0
BRDA:156,3,0,0
BRDA:156,3,1,0
BRDA:157,4,0,0
BRDA:157,4,1,0
BRDA:174,5,0,0
BRDA:174,5,1,0
BRDA:175,6,0,0
BRDA:175,6,1,0
BRDA:201,7,0,0
BRDA:201,7,1,0
BRDA:210,8,0,0
BRDA:210,8,1,0
BRDA:220,9,0,0
BRDA:220,9,1,0
BRDA:244,10,0,0
BRDA:244,10,1,0
BRDA:247,11,0,0
BRDA:247,11,1,0
BRDA:252,12,0,0
BRDA:252,12,1,0
BRDA:253,13,0,0
BRDA:253,13,1,0
BRDA:268,14,0,0
BRDA:268,14,1,0
BRDA:268,14,2,0
BRDA:272,15,0,0
BRDA:272,15,1,0
BRDA:284,16,0,0
BRDA:284,16,1,0
BRDA:298,17,0,0
BRDA:298,17,1,0
BRDA:339,18,0,0
BRDA:339,18,1,0
BRDA:345,19,0,0
BRDA:345,19,1,0
BRDA:355,20,0,0
BRDA:355,20,1,0
BRDA:355,20,2,0
BRDA:355,20,3,0
BRDA:383,21,0,0
BRDA:383,21,1,0
BRDA:384,22,0,0
BRDA:384,22,1,0
BRDA:387,23,0,0
BRDA:387,23,1,0
BRDA:395,24,0,0
BRDA:395,24,1,0
BRDA:396,25,0,0
BRDA:396,25,1,0
BRDA:399,26,0,0
BRDA:399,26,1,0
BRDA:412,27,0,0
BRDA:412,27,1,0
BRDA:413,28,0,0
BRDA:413,28,1,0
BRDA:418,29,0,0
BRDA:418,29,1,0
BRDA:418,29,2,0
BRDA:418,29,3,0
BRDA:418,29,4,0
BRDA:418,29,5,0
BRDA:448,30,0,0
BRDA:448,30,1,0
BRDA:530,31,0,0
BRDA:530,31,1,0
BRDA:541,32,0,0
BRDA:541,32,1,0
BRDA:662,33,0,0
BRDA:662,33,1,0
BRDA:767,34,0,0
BRDA:767,34,1,0
BRDA:778,35,0,0
BRDA:778,35,1,0
BRDA:784,36,0,0
BRDA:784,36,1,0
BRDA:793,37,0,0
BRDA:793,37,1,0
BRDA:793,37,2,0
BRDA:793,37,3,0
BRDA:808,38,0,0
BRDA:808,38,1,0
BRDA:814,39,0,0
BRDA:814,39,1,0
BRDA:817,40,0,0
BRDA:817,40,1,0
BRDA:818,41,0,0
BRDA:818,41,1,0
BRDA:840,42,0,0
BRDA:840,42,1,0
BRDA:843,43,0,0
BRDA:843,43,1,0
BRDA:843,43,2,0
BRDA:843,43,3,0
BRDA:843,43,4,0
BRDA:843,43,5,0
BRDA:843,43,6,0
BRDA:843,43,7,0
BRDA:843,43,8,0
BRDA:843,43,9,0
BRDA:843,43,10,0
BRDA:843,43,11,0
BRDA:843,43,12,0
BRDA:843,43,13,0
BRDA:843,43,14,0
BRDA:843,43,15,0
BRDA:843,43,16,0
BRDA:843,43,17,0
BRDA:843,43,18,0
BRDA:843,43,19,0
BRDA:843,43,20,0
BRDA:843,43,21,0
BRDA:961,44,0,0
BRDA:961,44,1,0
BRDA:961,45,0,0
BRDA:961,45,1,0
BRDA:988,46,0,0
BRDA:988,46,1,0
BRDA:989,47,0,0
BRDA:989,47,1,0
BRF:125
BRH:0
end_of_record
TN:
SF:src\cursorrulesManager.ts
FN:12,(anonymous_9)
FN:18,(anonymous_10)
FN:73,(anonymous_11)
FN:79,(anonymous_12)
FN:95,(anonymous_13)
FN:114,(anonymous_14)
FN:119,(anonymous_15)
FN:134,(anonymous_16)
FN:164,(anonymous_17)
FN:178,(anonymous_18)
FN:255,(anonymous_19)
FN:266,(anonymous_20)
FN:572,(anonymous_21)
FNF:13
FNH:0
FNDA:0,(anonymous_9)
FNDA:0,(anonymous_10)
FNDA:0,(anonymous_11)
FNDA:0,(anonymous_12)
FNDA:0,(anonymous_13)
FNDA:0,(anonymous_14)
FNDA:0,(anonymous_15)
FNDA:0,(anonymous_16)
FNDA:0,(anonymous_17)
FNDA:0,(anonymous_18)
FNDA:0,(anonymous_19)
FNDA:0,(anonymous_20)
FNDA:0,(anonymous_21)
DA:1,0
DA:3,0
DA:4,0
DA:6,0
DA:13,0
DA:14,0
DA:15,0
DA:19,0
DA:28,0
DA:29,0
DA:31,0
DA:32,0
DA:33,0
DA:34,0
DA:36,0
DA:39,0
DA:40,0
DA:41,0
DA:42,0
DA:43,0
DA:44,0
DA:45,0
DA:48,0
DA:51,0
DA:52,0
DA:53,0
DA:54,0
DA:58,0
DA:59,0
DA:60,0
DA:63,0
DA:66,0
DA:67,0
DA:74,0
DA:75,0
DA:76,0
DA:79,0
DA:86,0
DA:92,0
DA:96,0
DA:98,0
DA:99,0
DA:101,0
DA:102,0
DA:103,0
DA:105,0
DA:106,0
DA:109,0
DA:110,0
DA:116,0
DA:120,0
DA:122,0
DA:123,0
DA:124,0
DA:127,0
DA:134,0
DA:145,0
DA:165,0
DA:175,0
DA:177,0
DA:179,0
DA:181,0
DA:182,0
DA:183,0
DA:186,0
DA:187,0
DA:188,0
DA:189,0
DA:191,0
DA:194,0
DA:195,0
DA:196,0
DA:200,0
DA:201,0
DA:202,0
DA:205,0
DA:209,0
DA:210,0
DA:211,0
DA:213,0
DA:216,0
DA:217,0
DA:218,0
DA:219,0
DA:221,0
DA:224,0
DA:225,0
DA:226,0
DA:227,0
DA:228,0
DA:229,0
DA:230,0
DA:233,0
DA:236,0
DA:237,0
DA:238,0
DA:239,0
DA:243,0
DA:244,0
DA:245,0
DA:248,0
DA:256,0
DA:263,0
DA:267,0
DA:573,0
LF:105
LH:0
BRDA:28,0,0,0
BRDA:28,0,1,0
BRDA:29,1,0,0
BRDA:29,1,1,0
BRDA:29,1,2,0
BRDA:29,1,3,0
BRDA:32,2,0,0
BRDA:32,2,1,0
BRDA:41,3,0,0
BRDA:41,3,1,0
BRDA:43,4,0,0
BRDA:43,4,1,0
BRDA:53,5,0,0
BRDA:53,5,1,0
BRDA:58,6,0,0
BRDA:58,6,1,0
BRDA:74,7,0,0
BRDA:74,7,1,0
BRDA:101,8,0,0
BRDA:101,8,1,0
BRDA:122,9,0,0
BRDA:122,9,1,0
BRDA:141,10,0,0
BRDA:141,10,1,0
BRDA:179,11,0,0
BRDA:179,11,1,0
BRDA:179,11,2,0
BRDA:179,11,3,0
BRDA:179,11,4,0
BRDA:179,11,5,0
BRDA:179,11,6,0
BRDA:187,12,0,0
BRDA:187,12,1,0
BRDA:189,13,0,0
BRDA:189,13,1,0
BRDA:195,14,0,0
BRDA:195,14,1,0
BRDA:200,15,0,0
BRDA:200,15,1,0
BRDA:210,16,0,0
BRDA:210,16,1,0
BRDA:217,17,0,0
BRDA:217,17,1,0
BRDA:226,18,0,0
BRDA:226,18,1,0
BRDA:228,19,0,0
BRDA:228,19,1,0
BRDA:238,20,0,0
BRDA:238,20,1,0
BRDA:243,21,0,0
BRDA:243,21,1,0
BRDA:678,22,0,0
BRDA:678,22,1,0
BRDA:696,23,0,0
BRDA:696,23,1,0
BRDA:697,24,0,0
BRDA:697,24,1,0
BRDA:730,25,0,0
BRDA:730,25,1,0
BRDA:734,26,0,0
BRDA:734,26,1,0
BRDA:750,27,0,0
BRDA:750,27,1,0
BRF:63
BRH:0
end_of_record
TN:
SF:src\cursorrulesWizard.ts
FN:10,(anonymous_9)
FN:16,(anonymous_10)
FN:29,(anonymous_11)
FN:31,(anonymous_12)
FN:84,(anonymous_13)
FN:90,(anonymous_14)
FN:103,(anonymous_15)
FN:105,(anonymous_16)
FN:158,(anonymous_17)
FN:164,(anonymous_18)
FN:167,(anonymous_19)
FN:183,(anonymous_20)
FN:200,(anonymous_21)
FN:202,(anonymous_22)
FN:204,(anonymous_23)
FN:228,(anonymous_24)
FN:232,(anonymous_25)
FN:237,(anonymous_26)
FN:623,(anonymous_27)
FN:632,(anonymous_28)
FN:1002,(anonymous_29)
FN:1016,(anonymous_30)
FN:1035,(anonymous_31)
FN:1051,(anonymous_32)
FN:1066,(anonymous_33)
FNF:25
FNH:0
FNDA:0,(anonymous_9)
FNDA:0,(anonymous_10)
FNDA:0,(anonymous_11)
FNDA:0,(anonymous_12)
FNDA:0,(anonymous_13)
FNDA:0,(anonymous_14)
FNDA:0,(anonymous_15)
FNDA:0,(anonymous_16)
FNDA:0,(anonymous_17)
FNDA:0,(anonymous_18)
FNDA:0,(anonymous_19)
FNDA:0,(anonymous_20)
FNDA:0,(anonymous_21)
FNDA:0,(anonymous_22)
FNDA:0,(anonymous_23)
FNDA:0,(anonymous_24)
FNDA:0,(anonymous_25)
FNDA:0,(anonymous_26)
FNDA:0,(anonymous_27)
FNDA:0,(anonymous_28)
FNDA:0,(anonymous_29)
FNDA:0,(anonymous_30)
FNDA:0,(anonymous_31)
FNDA:0,(anonymous_32)
FNDA:0,(anonymous_33)
DA:1,0
DA:3,0
DA:5,0
DA:11,0
DA:12,0
DA:13,0
DA:17,0
DA:27,0
DA:29,0
DA:30,0
DA:32,0
DA:34,0
DA:35,0
DA:36,0
DA:37,0
DA:38,0
DA:40,0
DA:41,0
DA:43,0
DA:45,0
DA:46,0
DA:47,0
DA:48,0
DA:49,0
DA:51,0
DA:52,0
DA:54,0
DA:56,0
DA:57,0
DA:59,0
DA:61,0
DA:62,0
DA:63,0
DA:65,0
DA:66,0
DA:67,0
DA:70,0
DA:71,0
DA:72,0
DA:73,0
DA:75,0
DA:77,0
DA:78,0
DA:84,0
DA:85,0
DA:91,0
DA:101,0
DA:103,0
DA:104,0
DA:106,0
DA:108,0
DA:109,0
DA:110,0
DA:111,0
DA:112,0
DA:114,0
DA:115,0
DA:117,0
DA:119,0
DA:120,0
DA:121,0
DA:122,0
DA:123,0
DA:125,0
DA:126,0
DA:128,0
DA:130,0
DA:131,0
DA:133,0
DA:135,0
DA:136,0
DA:137,0
DA:139,0
DA:140,0
DA:141,0
DA:144,0
DA:145,0
DA:146,0
DA:147,0
DA:149,0
DA:151,0
DA:152,0
DA:158,0
DA:159,0
DA:166,0
DA:167,0
DA:178,0
DA:179,0
DA:180,0
DA:183,0
DA:184,0
DA:185,0
DA:187,0
DA:189,0
DA:190,0
DA:191,0
DA:192,0
DA:193,0
DA:195,0
DA:197,0
DA:200,0
DA:201,0
DA:202,0
DA:203,0
DA:204,0
DA:205,0
DA:207,0
DA:211,0
DA:212,0
DA:213,0
DA:214,0
DA:215,0
DA:217,0
DA:221,0
DA:224,0
DA:228,0
DA:232,0
DA:239,0
DA:248,0
DA:258,0
DA:259,0
DA:260,0
DA:261,0
DA:263,0
DA:268,0
DA:269,0
DA:270,0
DA:271,0
DA:273,0
DA:623,0
DA:632,0
DA:1003,0
DA:1004,0
DA:1005,0
DA:1010,0
DA:1011,0
DA:1012,0
DA:1013,0
DA:1015,0
DA:1016,0
DA:1017,0
DA:1018,0
DA:1020,0
DA:1021,0
DA:1024,0
DA:1025,0
DA:1029,0
DA:1036,0
DA:1037,0
DA:1040,0
DA:1042,0
DA:1043,0
DA:1044,0
DA:1048,0
DA:1051,0
DA:1052,0
DA:1053,0
DA:1055,0
DA:1066,0
DA:1068,0
DA:1069,0
DA:1071,0
DA:1072,0
LF:163
LH:0
BRDA:32,0,0,0
BRDA:32,0,1,0
BRDA:32,0,2,0
BRDA:32,0,3,0
BRDA:32,0,4,0
BRDA:47,1,0,0
BRDA:47,1,1,0
BRDA:72,2,0,0
BRDA:72,2,1,0
BRDA:106,3,0,0
BRDA:106,3,1,0
BRDA:106,3,2,0
BRDA:106,3,3,0
BRDA:106,3,4,0
BRDA:121,4,0,0
BRDA:121,4,1,0
BRDA:146,5,0,0
BRDA:146,5,1,0
BRDA:166,6,0,0
BRDA:166,6,1,0
BRDA:179,7,0,0
BRDA:179,7,1,0
BRDA:180,8,0,0
BRDA:180,8,1,0
BRDA:187,9,0,0
BRDA:187,9,1,0
BRDA:187,9,2,0
BRDA:192,10,0,0
BRDA:192,10,1,0
BRDA:193,11,0,0
BRDA:193,11,1,0
BRDA:203,12,0,0
BRDA:203,12,1,0
BRDA:205,13,0,0
BRDA:205,13,1,0
BRDA:212,14,0,0
BRDA:212,14,1,0
BRDA:259,15,0,0
BRDA:259,15,1,0
BRDA:260,16,0,0
BRDA:260,16,1,0
BRDA:261,17,0,0
BRDA:261,17,1,0
BRDA:268,18,0,0
BRDA:268,18,1,0
BRDA:268,19,0,0
BRDA:268,19,1,0
BRDA:269,20,0,0
BRDA:269,20,1,0
BRDA:270,21,0,0
BRDA:270,21,1,0
BRDA:271,22,0,0
BRDA:271,22,1,0
BRDA:279,23,0,0
BRDA:279,23,1,0
BRDA:546,24,0,0
BRDA:546,24,1,0
BRDA:547,25,0,0
BRDA:547,25,1,0
BRDA:577,26,0,0
BRDA:577,26,1,0
BRDA:578,27,0,0
BRDA:578,27,1,0
BRDA:579,28,0,0
BRDA:579,28,1,0
BRDA:580,29,0,0
BRDA:580,29,1,0
BRDA:588,30,0,0
BRDA:588,30,1,0
BRDA:589,31,0,0
BRDA:589,31,1,0
BRDA:590,32,0,0
BRDA:590,32,1,0
BRDA:591,33,0,0
BRDA:591,33,1,0
BRDA:609,34,0,0
BRDA:609,34,1,0
BRDA:610,35,0,0
BRDA:610,35,1,0
BRDA:611,36,0,0
BRDA:611,36,1,0
BRDA:739,37,0,0
BRDA:739,37,1,0
BRDA:739,38,0,0
BRDA:739,38,1,0
BRDA:748,39,0,0
BRDA:748,39,1,0
BRDA:1012,40,0,0
BRDA:1012,40,1,0
BRDA:1017,41,0,0
BRDA:1017,41,1,0
BRDA:1020,42,0,0
BRDA:1020,42,1,0
BRDA:1020,43,0,0
BRDA:1020,43,1,0
BRDA:1024,44,0,0
BRDA:1024,44,1,0
BRDA:1037,45,0,0
BRDA:1037,45,1,0
BRDA:1042,46,0,0
BRDA:1042,46,1,0
BRDA:1053,47,0,0
BRDA:1053,47,1,0
BRDA:1058,48,0,0
BRDA:1058,48,1,0
BRF:105
BRH:0
end_of_record
TN:
SF:src\dataStore.ts
FN:11,(anonymous_9)
FN:17,(anonymous_10)
FN:25,(anonymous_11)
FN:32,(anonymous_12)
FN:36,(anonymous_13)
FN:49,(anonymous_14)
FN:61,(anonymous_15)
FN:65,(anonymous_16)
FN:67,(anonymous_17)
FN:78,(anonymous_18)
FN:85,(anonymous_19)
FN:87,(anonymous_20)
FN:98,(anonymous_21)
FN:100,(anonymous_22)
FN:111,(anonymous_23)
FN:115,(anonymous_24)
FN:117,(anonymous_25)
FN:128,(anonymous_26)
FN:135,(anonymous_27)
FN:137,(anonymous_28)
FN:148,(anonymous_29)
FN:150,(anonymous_30)
FN:161,(anonymous_31)
FN:165,(anonymous_32)
FN:167,(anonymous_33)
FN:178,(anonymous_34)
FN:185,(anonymous_35)
FN:187,(anonymous_36)
FN:198,(anonymous_37)
FN:200,(anonymous_38)
FN:210,(anonymous_39)
FN:211,(anonymous_40)
FN:215,(anonymous_41)
FN:219,(anonymous_42)
FN:231,(anonymous_43)
FN:232,(anonymous_44)
FN:235,(anonymous_45)
FN:236,(anonymous_46)
FN:239,(anonymous_47)
FN:240,(anonymous_48)
FN:246,(anonymous_49)
FN:250,(anonymous_50)
FN:260,(anonymous_51)
FN:272,(anonymous_52)
FN:281,(anonymous_53)
FNF:45
FNH:0
FNDA:0,(anonymous_9)
FNDA:0,(anonymous_10)
FNDA:0,(anonymous_11)
FNDA:0,(anonymous_12)
FNDA:0,(anonymous_13)
FNDA:0,(anonymous_14)
FNDA:0,(anonymous_15)
FNDA:0,(anonymous_16)
FNDA:0,(anonymous_17)
FNDA:0,(anonymous_18)
FNDA:0,(anonymous_19)
FNDA:0,(anonymous_20)
FNDA:0,(anonymous_21)
FNDA:0,(anonymous_22)
FNDA:0,(anonymous_23)
FNDA:0,(anonymous_24)
FNDA:0,(anonymous_25)
FNDA:0,(anonymous_26)
FNDA:0,(anonymous_27)
FNDA:0,(anonymous_28)
FNDA:0,(anonymous_29)
FNDA:0,(anonymous_30)
FNDA:0,(anonymous_31)
FNDA:0,(anonymous_32)
FNDA:0,(anonymous_33)
FNDA:0,(anonymous_34)
FNDA:0,(anonymous_35)
FNDA:0,(anonymous_36)
FNDA:0,(anonymous_37)
FNDA:0,(anonymous_38)
FNDA:0,(anonymous_39)
FNDA:0,(anonymous_40)
FNDA:0,(anonymous_41)
FNDA:0,(anonymous_42)
FNDA:0,(anonymous_43)
FNDA:0,(anonymous_44)
FNDA:0,(anonymous_45)
FNDA:0,(anonymous_46)
FNDA:0,(anonymous_47)
FNDA:0,(anonymous_48)
FNDA:0,(anonymous_49)
FNDA:0,(anonymous_50)
FNDA:0,(anonymous_51)
FNDA:0,(anonymous_52)
FNDA:0,(anonymous_53)
DA:1,0
DA:2,0
DA:3,0
DA:7,0
DA:12,0
DA:13,0
DA:14,0
DA:18,0
DA:19,0
DA:20,0
DA:22,0
DA:26,0
DA:27,0
DA:28,0
DA:33,0
DA:37,0
DA:38,0
DA:39,0
DA:40,0
DA:41,0
DA:44,0
DA:46,0
DA:50,0
DA:51,0
DA:52,0
DA:53,0
DA:55,0
DA:56,0
DA:62,0
DA:66,0
DA:67,0
DA:69,0
DA:70,0
DA:72,0
DA:75,0
DA:79,0
DA:80,0
DA:81,0
DA:82,0
DA:86,0
DA:87,0
DA:89,0
DA:90,0
DA:91,0
DA:92,0
DA:95,0
DA:99,0
DA:100,0
DA:102,0
DA:103,0
DA:104,0
DA:107,0
DA:112,0
DA:116,0
DA:117,0
DA:119,0
DA:120,0
DA:122,0
DA:125,0
DA:129,0
DA:130,0
DA:131,0
DA:132,0
DA:136,0
DA:137,0
DA:139,0
DA:140,0
DA:141,0
DA:142,0
DA:145,0
DA:149,0
DA:150,0
DA:152,0
DA:153,0
DA:154,0
DA:157,0
DA:162,0
DA:166,0
DA:167,0
DA:169,0
DA:170,0
DA:172,0
DA:175,0
DA:179,0
DA:180,0
DA:181,0
DA:182,0
DA:186,0
DA:187,0
DA:189,0
DA:190,0
DA:191,0
DA:192,0
DA:195,0
DA:199,0
DA:200,0
DA:202,0
DA:203,0
DA:204,0
DA:207,0
DA:211,0
DA:216,0
DA:220,0
DA:221,0
DA:224,0
DA:225,0
DA:228,0
DA:232,0
DA:236,0
DA:240,0
DA:241,0
DA:247,0
DA:251,0
DA:252,0
DA:254,0
DA:255,0
DA:258,0
DA:260,0
DA:261,0
DA:262,0
DA:264,0
DA:265,0
DA:269,0
DA:273,0
DA:275,0
DA:276,0
DA:279,0
DA:281,0
DA:282,0
DA:283,0
DA:285,0
DA:286,0
DA:290,0
LF:133
LH:0
BRDA:19,0,0,0
BRDA:19,0,1,0
BRDA:26,1,0,0
BRDA:26,1,1,0
BRDA:39,2,0,0
BRDA:39,2,1,0
BRDA:69,3,0,0
BRDA:69,3,1,0
BRDA:89,4,0,0
BRDA:89,4,1,0
BRDA:102,5,0,0
BRDA:102,5,1,0
BRDA:119,6,0,0
BRDA:119,6,1,0
BRDA:139,7,0,0
BRDA:139,7,1,0
BRDA:152,8,0,0
BRDA:152,8,1,0
BRDA:169,9,0,0
BRDA:169,9,1,0
BRDA:189,10,0,0
BRDA:189,10,1,0
BRDA:202,11,0,0
BRDA:202,11,1,0
BRDA:224,12,0,0
BRDA:224,12,1,0
BRDA:241,13,0,0
BRDA:241,13,1,0
BRDA:254,14,0,0
BRDA:254,14,1,0
BRDA:264,15,0,0
BRDA:264,15,1,0
BRDA:275,16,0,0
BRDA:275,16,1,0
BRDA:285,17,0,0
BRDA:285,17,1,0
BRF:36
BRH:0
end_of_record
TN:
SF:src\designDocumentManager.ts
FN:1,(anonymous_0)
FN:1,(anonymous_1)
FN:1,(anonymous_2)
FNF:3
FNH:0
FNDA:0,(anonymous_0)
FNDA:0,(anonymous_1)
FNDA:0,(anonymous_2)
DA:1,0
LF:1
LH:0
BRF:0
BRH:0
end_of_record
TN:
SF:src\extension.ts
FN:46,(anonymous_9)
FN:88,(anonymous_10)
FN:129,(anonymous_11)
FN:149,(anonymous_12)
FN:168,(anonymous_13)
FN:185,(anonymous_14)
FN:198,(anonymous_15)
FN:200,(anonymous_16)
FN:212,(anonymous_17)
FN:214,(anonymous_18)
FN:230,(anonymous_19)
FN:272,(anonymous_20)
FN:348,(anonymous_21)
FN:352,(anonymous_22)
FN:366,(anonymous_23)
FN:381,(anonymous_24)
FN:382,(anonymous_25)
FN:383,(anonymous_26)
FN:384,(anonymous_27)
FN:385,(anonymous_28)
FN:386,(anonymous_29)
FN:387,(anonymous_30)
FN:388,(anonymous_31)
FN:390,(anonymous_32)
FN:410,(anonymous_33)
FN:411,(anonymous_34)
FN:421,(anonymous_35)
FN:422,(anonymous_36)
FN:423,(anonymous_37)
FN:424,(anonymous_38)
FN:456,(anonymous_39)
FN:464,(anonymous_40)
FN:474,(anonymous_41)
FN:475,(anonymous_42)
FN:486,(anonymous_43)
FN:573,(anonymous_44)
FN:582,(anonymous_45)
FN:613,(anonymous_46)
FN:635,(anonymous_47)
FN:645,(anonymous_48)
FN:646,(anonymous_49)
FN:654,(anonymous_50)
FN:666,(anonymous_51)
FN:722,(anonymous_52)
FN:729,(anonymous_53)
FN:737,(anonymous_54)
FN:761,(anonymous_55)
FN:773,(anonymous_56)
FN:830,(anonymous_57)
FN:921,(anonymous_58)
FN:922,(anonymous_59)
FN:927,(anonymous_60)
FN:946,(anonymous_61)
FN:974,activate
FN:979,deactivate
FNF:55
FNH:0
FNDA:0,(anonymous_9)
FNDA:0,(anonymous_10)
FNDA:0,(anonymous_11)
FNDA:0,(anonymous_12)
FNDA:0,(anonymous_13)
FNDA:0,(anonymous_14)
FNDA:0,(anonymous_15)
FNDA:0,(anonymous_16)
FNDA:0,(anonymous_17)
FNDA:0,(anonymous_18)
FNDA:0,(anonymous_19)
FNDA:0,(anonymous_20)
FNDA:0,(anonymous_21)
FNDA:0,(anonymous_22)
FNDA:0,(anonymous_23)
FNDA:0,(anonymous_24)
FNDA:0,(anonymous_25)
FNDA:0,(anonymous_26)
FNDA:0,(anonymous_27)
FNDA:0,(anonymous_28)
FNDA:0,(anonymous_29)
FNDA:0,(anonymous_30)
FNDA:0,(anonymous_31)
FNDA:0,(anonymous_32)
FNDA:0,(anonymous_33)
FNDA:0,(anonymous_34)
FNDA:0,(anonymous_35)
FNDA:0,(anonymous_36)
FNDA:0,(anonymous_37)
FNDA:0,(anonymous_38)
FNDA:0,(anonymous_39)
FNDA:0,(anonymous_40)
FNDA:0,(anonymous_41)
FNDA:0,(anonymous_42)
FNDA:0,(anonymous_43)
FNDA:0,(anonymous_44)
FNDA:0,(anonymous_45)
FNDA:0,(anonymous_46)
FNDA:0,(anonymous_47)
FNDA:0,(anonymous_48)
FNDA:0,(anonymous_49)
FNDA:0,(anonymous_50)
FNDA:0,(anonymous_51)
FNDA:0,(anonymous_52)
FNDA:0,(anonymous_53)
FNDA:0,(anonymous_54)
FNDA:0,(anonymous_55)
FNDA:0,(anonymous_56)
FNDA:0,(anonymous_57)
FNDA:0,(anonymous_58)
FNDA:0,(anonymous_59)
FNDA:0,(anonymous_60)
FNDA:0,(anonymous_61)
FNDA:0,activate
FNDA:0,deactivate
DA:2,0
DA:3,0
DA:4,0
DA:5,0
DA:6,0
DA:7,0
DA:8,0
DA:9,0
DA:10,0
DA:11,0
DA:12,0
DA:13,0
DA:14,0
DA:15,0
DA:16,0
DA:17,0
DA:18,0
DA:19,0
DA:20,0
DA:21,0
DA:22,0
DA:24,0
DA:47,0
DA:48,0
DA:49,0
DA:50,0
DA:51,0
DA:52,0
DA:53,0
DA:54,0
DA:57,0
DA:60,0
DA:61,0
DA:62,0
DA:64,0
DA:66,0
DA:68,0
DA:70,0
DA:73,0
DA:76,0
DA:79,0
DA:82,0
DA:83,0
DA:85,0
DA:89,0
DA:91,0
DA:93,0
DA:94,0
DA:96,0
DA:99,0
DA:102,0
DA:105,0
DA:106,0
DA:107,0
DA:110,0
DA:111,0
DA:112,0
DA:113,0
DA:115,0
DA:116,0
DA:120,0
DA:121,0
DA:122,0
DA:123,0
DA:125,0
DA:129,0
DA:130,0
DA:131,0
DA:132,0
DA:133,0
DA:135,0
DA:140,0
DA:142,0
DA:144,0
DA:145,0
DA:150,0
DA:151,0
DA:154,0
DA:155,0
DA:158,0
DA:159,0
DA:161,0
DA:163,0
DA:164,0
DA:169,0
DA:170,0
DA:171,0
DA:172,0
DA:173,0
DA:176,0
DA:177,0
DA:178,0
DA:180,0
DA:186,0
DA:187,0
DA:188,0
DA:189,0
DA:191,0
DA:193,0
DA:194,0
DA:200,0
DA:201,0
DA:202,0
DA:204,0
DA:209,0
DA:210,0
DA:212,0
DA:214,0
DA:215,0
DA:216,0
DA:218,0
DA:223,0
DA:224,0
DA:226,0
DA:231,0
DA:232,0
DA:233,0
DA:234,0
DA:237,0
DA:238,0
DA:240,0
DA:241,0
DA:242,0
DA:244,0
DA:245,0
DA:247,0
DA:254,0
DA:255,0
DA:256,0
DA:257,0
DA:259,0
DA:260,0
DA:262,0
DA:263,0
DA:267,0
DA:268,0
DA:273,0
DA:274,0
DA:275,0
DA:278,0
DA:279,0
DA:286,0
DA:348,0
DA:352,0
DA:363,0
DA:367,0
DA:370,0
DA:371,0
DA:375,0
DA:377,0
DA:381,0
DA:382,0
DA:383,0
DA:384,0
DA:385,0
DA:386,0
DA:387,0
DA:388,0
DA:391,0
DA:392,0
DA:393,0
DA:394,0
DA:397,0
DA:400,0
DA:402,0
DA:403,0
DA:407,0
DA:411,0
DA:421,0
DA:422,0
DA:423,0
DA:424,0
DA:426,0
DA:427,0
DA:428,0
DA:430,0
DA:431,0
DA:433,0
DA:434,0
DA:436,0
DA:437,0
DA:440,0
DA:447,0
DA:448,0
DA:449,0
DA:450,0
DA:455,0
DA:456,0
DA:457,0
DA:459,0
DA:465,0
DA:471,0
DA:475,0
DA:486,0
DA:494,0
DA:575,0
DA:576,0
DA:577,0
DA:578,0
DA:579,0
DA:583,0
DA:584,0
DA:585,0
DA:586,0
DA:589,0
DA:591,0
DA:592,0
DA:602,0
DA:603,0
DA:605,0
DA:608,0
DA:609,0
DA:614,0
DA:616,0
DA:617,0
DA:619,0
DA:620,0
DA:623,0
DA:624,0
DA:630,0
DA:631,0
DA:636,0
DA:642,0
DA:646,0
DA:654,0
DA:662,0
DA:666,0
DA:671,0
DA:723,0
DA:730,0
DA:738,0
DA:739,0
DA:740,0
DA:744,0
DA:746,0
DA:748,0
DA:762,0
DA:763,0
DA:765,0
DA:766,0
DA:774,0
DA:776,0
DA:804,0
DA:805,0
DA:806,0
DA:807,0
DA:819,0
DA:822,0
DA:823,0
DA:831,0
DA:838,0
DA:921,0
DA:922,0
DA:927,0
DA:946,0
DA:970,0
DA:974,0
DA:975,0
DA:976,0
DA:979,0
DA:981,0
LF:261
LH:0
BRDA:52,0,0,0
BRDA:52,0,1,0
BRDA:54,1,0,0
BRDA:54,1,1,0
BRDA:94,2,0,0
BRDA:94,2,1,0
BRDA:171,3,0,0
BRDA:171,3,1,0
BRDA:231,4,0,0
BRDA:231,4,1,0
BRDA:240,5,0,0
BRDA:240,5,1,0
BRDA:254,6,0,0
BRDA:254,6,1,0
BRDA:262,7,0,0
BRDA:262,7,1,0
BRDA:273,8,0,0
BRDA:273,8,1,0
BRDA:343,9,0,0
BRDA:343,9,1,0
BRDA:344,10,0,0
BRDA:344,10,1,0
BRDA:346,11,0,0
BRDA:346,11,1,0
BRDA:350,12,0,0
BRDA:350,12,1,0
BRDA:370,13,0,0
BRDA:370,13,1,0
BRDA:392,14,0,0
BRDA:392,14,1,0
BRDA:402,15,0,0
BRDA:402,15,1,0
BRDA:427,16,0,0
BRDA:427,16,1,0
BRDA:430,17,0,0
BRDA:430,17,1,0
BRDA:433,18,0,0
BRDA:433,18,1,0
BRDA:436,19,0,0
BRDA:436,19,1,0
BRDA:447,20,0,0
BRDA:447,20,1,0
BRDA:449,21,0,0
BRDA:449,21,1,0
BRDA:455,22,0,0
BRDA:455,22,1,0
BRDA:481,23,0,0
BRDA:481,23,1,0
BRDA:482,24,0,0
BRDA:482,24,1,0
BRDA:482,25,0,0
BRDA:482,25,1,0
BRDA:575,26,0,0
BRDA:575,26,1,0
BRDA:576,27,0,0
BRDA:576,27,1,0
BRDA:576,28,0,0
BRDA:576,28,1,0
BRDA:577,29,0,0
BRDA:577,29,1,0
BRDA:577,30,0,0
BRDA:577,30,1,0
BRDA:578,31,0,0
BRDA:578,31,1,0
BRDA:578,32,0,0
BRDA:578,32,1,0
BRDA:584,33,0,0
BRDA:584,33,1,0
BRDA:602,34,0,0
BRDA:602,34,1,0
BRDA:616,35,0,0
BRDA:616,35,1,0
BRDA:616,36,0,0
BRDA:616,36,1,0
BRDA:619,37,0,0
BRDA:619,37,1,0
BRDA:619,38,0,0
BRDA:619,38,1,0
BRDA:630,39,0,0
BRDA:630,39,1,0
BRDA:646,40,0,0
BRDA:646,40,1,0
BRDA:650,41,0,0
BRDA:650,41,1,0
BRDA:654,42,0,0
BRDA:654,42,1,0
BRDA:658,43,0,0
BRDA:658,43,1,0
BRDA:662,44,0,0
BRDA:662,44,1,0
BRDA:662,45,0,0
BRDA:662,45,1,0
BRDA:812,46,0,0
BRDA:812,46,1,0
BRDA:813,47,0,0
BRDA:813,47,1,0
BRDA:823,48,0,0
BRDA:823,48,1,0
BRDA:928,49,0,0
BRDA:928,49,1,0
BRDA:931,50,0,0
BRDA:931,50,1,0
BRDA:932,51,0,0
BRDA:932,51,1,0
BRDA:942,52,0,0
BRDA:942,52,1,0
BRF:106
BRH:0
end_of_record
TN:
SF:src\extensionDetector.ts
FN:27,(anonymous_9)
FN:35,(anonymous_10)
FN:52,(anonymous_11)
FN:54,(anonymous_12)
FN:69,(anonymous_13)
FN:76,(anonymous_14)
FN:83,(anonymous_15)
FN:95,(anonymous_16)
FN:107,(anonymous_17)
FN:114,(anonymous_18)
FN:142,(anonymous_19)
FN:198,(anonymous_20)
FN:204,(anonymous_21)
FN:216,(anonymous_22)
FNF:14
FNH:0
FNDA:0,(anonymous_9)
FNDA:0,(anonymous_10)
FNDA:0,(anonymous_11)
FNDA:0,(anonymous_12)
FNDA:0,(anonymous_13)
FNDA:0,(anonymous_14)
FNDA:0,(anonymous_15)
FNDA:0,(anonymous_16)
FNDA:0,(anonymous_17)
FNDA:0,(anonymous_18)
FNDA:0,(anonymous_19)
FNDA:0,(anonymous_20)
FNDA:0,(anonymous_21)
FNDA:0,(anonymous_22)
DA:1,0
DA:22,0
DA:24,0
DA:25,0
DA:28,0
DA:29,0
DA:36,0
DA:37,0
DA:39,0
DA:40,0
DA:50,0
DA:51,0
DA:52,0
DA:53,0
DA:54,0
DA:57,0
DA:60,0
DA:62,0
DA:70,0
DA:77,0
DA:84,0
DA:85,0
DA:86,0
DA:89,0
DA:96,0
DA:97,0
DA:98,0
DA:101,0
DA:108,0
DA:121,0
DA:122,0
DA:123,0
DA:124,0
DA:127,0
DA:136,0
DA:137,0
DA:139,0
DA:140,0
DA:141,0
DA:142,0
DA:143,0
DA:144,0
DA:145,0
DA:152,0
DA:153,0
DA:154,0
DA:155,0
DA:156,0
DA:157,0
DA:158,0
DA:161,0
DA:162,0
DA:163,0
DA:168,0
DA:169,0
DA:170,0
DA:171,0
DA:173,0
DA:174,0
DA:175,0
DA:176,0
DA:179,0
DA:180,0
DA:186,0
DA:203,0
DA:204,0
DA:206,0
DA:217,0
DA:218,0
DA:219,0
LF:70
LH:0
BRDA:42,0,0,0
BRDA:42,0,1,0
BRDA:43,1,0,0
BRDA:43,1,1,0
BRDA:44,2,0,0
BRDA:44,2,1,0
BRDA:50,3,0,0
BRDA:50,3,1,0
BRDA:85,4,0,0
BRDA:85,4,1,0
BRDA:97,5,0,0
BRDA:97,5,1,0
BRDA:141,6,0,0
BRDA:141,6,1,0
BRDA:143,7,0,0
BRDA:143,7,1,0
BRDA:153,8,0,0
BRDA:153,8,1,0
BRDA:155,9,0,0
BRDA:155,9,1,0
BRDA:157,10,0,0
BRDA:157,10,1,0
BRDA:168,11,0,0
BRDA:168,11,1,0
BRDA:168,12,0,0
BRDA:168,12,1,0
BRDA:169,13,0,0
BRDA:169,13,1,0
BRDA:174,14,0,0
BRDA:174,14,1,0
BRDA:174,15,0,0
BRDA:174,15,1,0
BRDA:179,16,0,0
BRDA:179,16,1,0
BRF:34
BRH:0
end_of_record
TN:
SF:src\fastifyServer.ts
FN:29,(anonymous_10)
FN:44,(anonymous_11)
FN:46,(anonymous_12)
FN:54,(anonymous_13)
FN:55,(anonymous_14)
FN:56,(anonymous_15)
FN:58,(anonymous_16)
FN:61,(anonymous_17)
FN:69,(anonymous_18)
FN:75,(anonymous_19)
FN:99,(anonymous_20)
FN:120,(anonymous_21)
FN:151,(anonymous_22)
FN:159,(anonymous_23)
FN:160,(anonymous_24)
FN:165,(anonymous_25)
FN:181,(anonymous_26)
FN:196,(anonymous_27)
FN:216,(anonymous_28)
FN:234,(anonymous_29)
FN:270,(anonymous_30)
FN:309,(anonymous_31)
FN:320,(anonymous_32)
FN:360,(anonymous_33)
FN:406,(anonymous_34)
FN:438,(anonymous_35)
FN:449,(anonymous_36)
FN:496,(anonymous_37)
FN:541,(anonymous_38)
FN:577,(anonymous_39)
FN:594,(anonymous_40)
FN:642,(anonymous_41)
FN:689,(anonymous_42)
FN:727,(anonymous_43)
FN:733,(anonymous_44)
FN:737,(anonymous_45)
FN:754,(anonymous_46)
FN:764,(anonymous_47)
FN:780,(anonymous_48)
FN:790,(anonymous_49)
FN:798,(anonymous_50)
FN:808,(anonymous_51)
FN:820,(anonymous_52)
FN:824,(anonymous_53)
FN:828,(anonymous_54)
FN:832,(anonymous_55)
FN:838,(anonymous_56)
FN:842,(anonymous_57)
FNF:48
FNH:0
FNDA:0,(anonymous_10)
FNDA:0,(anonymous_11)
FNDA:0,(anonymous_12)
FNDA:0,(anonymous_13)
FNDA:0,(anonymous_14)
FNDA:0,(anonymous_15)
FNDA:0,(anonymous_16)
FNDA:0,(anonymous_17)
FNDA:0,(anonymous_18)
FNDA:0,(anonymous_19)
FNDA:0,(anonymous_20)
FNDA:0,(anonymous_21)
FNDA:0,(anonymous_22)
FNDA:0,(anonymous_23)
FNDA:0,(anonymous_24)
FNDA:0,(anonymous_25)
FNDA:0,(anonymous_26)
FNDA:0,(anonymous_27)
FNDA:0,(anonymous_28)
FNDA:0,(anonymous_29)
FNDA:0,(anonymous_30)
FNDA:0,(anonymous_31)
FNDA:0,(anonymous_32)
FNDA:0,(anonymous_33)
FNDA:0,(anonymous_34)
FNDA:0,(anonymous_35)
FNDA:0,(anonymous_36)
FNDA:0,(anonymous_37)
FNDA:0,(anonymous_38)
FNDA:0,(anonymous_39)
FNDA:0,(anonymous_40)
FNDA:0,(anonymous_41)
FNDA:0,(anonymous_42)
FNDA:0,(anonymous_43)
FNDA:0,(anonymous_44)
FNDA:0,(anonymous_45)
FNDA:0,(anonymous_46)
FNDA:0,(anonymous_47)
FNDA:0,(anonymous_48)
FNDA:0,(anonymous_49)
FNDA:0,(anonymous_50)
FNDA:0,(anonymous_51)
FNDA:0,(anonymous_52)
FNDA:0,(anonymous_53)
FNDA:0,(anonymous_54)
FNDA:0,(anonymous_55)
FNDA:0,(anonymous_56)
FNDA:0,(anonymous_57)
DA:2,0
DA:6,0
DA:7,0
DA:8,0
DA:9,0
DA:10,0
DA:11,0
DA:13,0
DA:14,0
DA:15,0
DA:16,0
DA:17,0
DA:20,0
DA:23,0
DA:24,0
DA:27,0
DA:30,0
DA:31,0
DA:32,0
DA:34,0
DA:41,0
DA:46,0
DA:47,0
DA:55,0
DA:56,0
DA:57,0
DA:58,0
DA:59,0
DA:60,0
DA:61,0
DA:62,0
DA:63,0
DA:65,0
DA:69,0
DA:70,0
DA:76,0
DA:77,0
DA:80,0
DA:81,0
DA:84,0
DA:87,0
DA:90,0
DA:92,0
DA:94,0
DA:95,0
DA:100,0
DA:102,0
DA:105,0
DA:111,0
DA:117,0
DA:120,0
DA:129,0
DA:135,0
DA:142,0
DA:144,0
DA:146,0
DA:147,0
DA:152,0
DA:153,0
DA:154,0
DA:155,0
DA:158,0
DA:159,0
DA:160,0
DA:162,0
DA:163,0
DA:164,0
DA:165,0
DA:166,0
DA:168,0
DA:169,0
DA:170,0
DA:173,0
DA:177,0
DA:183,0
DA:197,0
DA:204,0
DA:217,0
DA:220,0
DA:221,0
DA:222,0
DA:224,0
DA:234,0
DA:235,0
DA:236,0
DA:237,0
DA:240,0
DA:241,0
DA:242,0
DA:243,0
DA:244,0
DA:246,0
DA:249,0
DA:254,0
DA:271,0
DA:274,0
DA:275,0
DA:283,0
DA:291,0
DA:293,0
DA:300,0
DA:310,0
DA:313,0
DA:321,0
DA:322,0
DA:325,0
DA:333,0
DA:335,0
DA:338,0
DA:361,0
DA:362,0
DA:364,0
DA:365,0
DA:367,0
DA:375,0
DA:377,0
DA:379,0
DA:383,0
DA:407,0
DA:409,0
DA:410,0
DA:412,0
DA:420,0
DA:422,0
DA:424,0
DA:429,0
DA:439,0
DA:442,0
DA:450,0
DA:451,0
DA:454,0
DA:462,0
DA:464,0
DA:467,0
DA:497,0
DA:498,0
DA:500,0
DA:501,0
DA:503,0
DA:511,0
DA:513,0
DA:517,0
DA:542,0
DA:544,0
DA:545,0
DA:547,0
DA:555,0
DA:557,0
DA:562,0
DA:578,0
DA:580,0
DA:581,0
DA:583,0
DA:587,0
DA:595,0
DA:596,0
DA:604,0
DA:607,0
DA:615,0
DA:617,0
DA:620,0
DA:643,0
DA:644,0
DA:646,0
DA:647,0
DA:649,0
DA:657,0
DA:659,0
DA:661,0
DA:665,0
DA:690,0
DA:692,0
DA:693,0
DA:695,0
DA:703,0
DA:705,0
DA:710,0
DA:728,0
DA:730,0
DA:732,0
DA:733,0
DA:736,0
DA:737,0
DA:741,0
DA:745,0
DA:755,0
DA:757,0
DA:764,0
DA:765,0
DA:766,0
DA:771,0
DA:777,0
DA:780,0
DA:781,0
DA:787,0
DA:790,0
DA:791,0
DA:795,0
DA:799,0
DA:800,0
DA:801,0
DA:803,0
DA:804,0
DA:809,0
DA:810,0
DA:811,0
DA:812,0
DA:813,0
DA:815,0
DA:821,0
DA:825,0
DA:829,0
DA:833,0
DA:834,0
DA:839,0
DA:843,0
LF:216
LH:0
BRDA:60,0,0,0
BRDA:60,0,1,0
BRDA:62,1,0,0
BRDA:62,1,1,0
BRDA:102,2,0,0
BRDA:102,2,1,0
BRDA:154,3,0,0
BRDA:154,3,1,0
BRDA:159,4,0,0
BRDA:159,4,1,0
BRDA:166,5,0,0
BRDA:166,5,1,0
BRDA:168,6,0,0
BRDA:168,6,1,0
BRDA:230,7,0,0
BRDA:230,7,1,0
BRDA:236,8,0,0
BRDA:236,8,1,0
BRDA:242,9,0,0
BRDA:242,9,1,0
BRDA:274,10,0,0
BRDA:274,10,1,0
BRDA:365,11,0,0
BRDA:365,11,1,0
BRDA:410,12,0,0
BRDA:410,12,1,0
BRDA:501,13,0,0
BRDA:501,13,1,0
BRDA:545,14,0,0
BRDA:545,14,1,0
BRDA:580,15,0,0
BRDA:580,15,1,0
BRDA:601,16,0,0
BRDA:601,16,1,0
BRDA:647,17,0,0
BRDA:647,17,1,0
BRDA:693,18,0,0
BRDA:693,18,1,0
BRDA:728,19,0,0
BRDA:732,20,0,0
BRDA:732,20,1,0
BRDA:736,21,0,0
BRDA:736,21,1,0
BRDA:765,22,0,0
BRDA:765,22,1,0
BRDA:765,23,0,0
BRDA:765,23,1,0
BRDA:809,24,0,0
BRDA:809,24,1,0
BRDA:833,25,0,0
BRDA:833,25,1,0
BRF:51
BRH:0
end_of_record
TN:
SF:src\logger.ts
FN:10,(anonymous_9)
FN:16,(anonymous_10)
FN:21,(anonymous_11)
FN:31,(anonymous_12)
FN:35,(anonymous_13)
FN:41,(anonymous_14)
FN:70,(anonymous_15)
FN:75,(anonymous_16)
FN:80,(anonymous_17)
FN:85,(anonymous_18)
FN:90,(anonymous_19)
FN:107,(anonymous_20)
FN:123,(anonymous_21)
FN:126,(anonymous_22)
FN:147,(anonymous_23)
FN:150,(anonymous_24)
FNF:16
FNH:0
FNDA:0,(anonymous_9)
FNDA:0,(anonymous_10)
FNDA:0,(anonymous_11)
FNDA:0,(anonymous_12)
FNDA:0,(anonymous_13)
FNDA:0,(anonymous_14)
FNDA:0,(anonymous_15)
FNDA:0,(anonymous_16)
FNDA:0,(anonymous_17)
FNDA:0,(anonymous_18)
FNDA:0,(anonymous_19)
FNDA:0,(anonymous_20)
FNDA:0,(anonymous_21)
FNDA:0,(anonymous_22)
FNDA:0,(anonymous_23)
FNDA:0,(anonymous_24)
DA:1,0
DA:2,0
DA:3,0
DA:6,0
DA:11,0
DA:12,0
DA:13,0
DA:17,0
DA:18,0
DA:22,0
DA:23,0
DA:24,0
DA:27,0
DA:32,0
DA:36,0
DA:37,0
DA:38,0
DA:42,0
DA:43,0
DA:46,0
DA:54,0
DA:56,0
DA:57,0
DA:58,0
DA:59,0
DA:60,0
DA:63,0
DA:64,0
DA:66,0
DA:71,0
DA:72,0
DA:76,0
DA:77,0
DA:81,0
DA:82,0
DA:86,0
DA:87,0
DA:91,0
DA:93,0
DA:94,0
DA:95,0
DA:96,0
DA:97,0
DA:100,0
DA:101,0
DA:103,0
DA:108,0
DA:109,0
DA:110,0
DA:112,0
DA:113,0
DA:114,0
DA:117,0
DA:120,0
DA:124,0
DA:125,0
DA:126,0
DA:131,0
DA:133,0
DA:134,0
DA:135,0
DA:136,0
DA:137,0
DA:140,0
DA:142,0
DA:143,0
DA:148,0
DA:149,0
DA:150,0
DA:152,0
DA:153,0
DA:156,0
DA:158,0
LF:73
LH:0
BRDA:11,0,0,0
BRDA:11,0,1,0
BRDA:23,1,0,0
BRDA:23,1,1,0
BRDA:42,2,0,0
BRDA:42,2,1,0
BRDA:58,3,0,0
BRDA:58,3,1,0
BRDA:95,4,0,0
BRDA:95,4,1,0
BRDA:109,5,0,0
BRDA:109,5,1,0
BRDA:112,6,0,0
BRDA:112,6,1,0
BRDA:123,7,0,0
BRF:15
BRH:0
end_of_record
TN:
SF:src\passiveValidationConfig.ts
FN:61,(anonymous_9)
FN:68,(anonymous_10)
FN:128,(anonymous_11)
FN:143,(anonymous_12)
FN:161,(anonymous_13)
FN:180,(anonymous_14)
FN:238,(anonymous_15)
FN:248,(anonymous_16)
FN:281,(anonymous_17)
FN:305,(anonymous_18)
FNF:10
FNH:0
FNDA:0,(anonymous_9)
FNDA:0,(anonymous_10)
FNDA:0,(anonymous_11)
FNDA:0,(anonymous_12)
FNDA:0,(anonymous_13)
FNDA:0,(anonymous_14)
FNDA:0,(anonymous_15)
FNDA:0,(anonymous_16)
FNDA:0,(anonymous_17)
FNDA:0,(anonymous_18)
DA:1,0
DA:57,0
DA:59,0
DA:62,0
DA:69,0
DA:71,0
DA:129,0
DA:130,0
DA:131,0
DA:133,0
DA:135,0
DA:136,0
DA:144,0
DA:145,0
DA:147,0
DA:148,0
DA:151,0
DA:153,0
DA:154,0
DA:162,0
DA:163,0
DA:164,0
DA:166,0
DA:167,0
DA:170,0
DA:172,0
DA:173,0
DA:181,0
DA:239,0
DA:240,0
DA:242,0
DA:249,0
DA:250,0
DA:252,0
DA:253,0
DA:254,0
DA:255,0
DA:256,0
DA:257,0
DA:258,0
DA:259,0
DA:260,0
DA:261,0
DA:262,0
DA:263,0
DA:264,0
DA:265,0
DA:266,0
DA:267,0
DA:268,0
DA:269,0
DA:270,0
DA:271,0
DA:272,0
DA:273,0
DA:275,0
DA:289,0
DA:290,0
DA:292,0
DA:306,0
DA:308,0
DA:309,0
DA:312,0
DA:313,0
DA:316,0
DA:317,0
DA:320,0
LF:67
LH:0
BRDA:242,0,0,0
BRDA:242,0,1,0
BRDA:252,1,0,0
BRDA:252,1,1,0
BRDA:253,2,0,0
BRDA:253,2,1,0
BRDA:254,3,0,0
BRDA:254,3,1,0
BRDA:255,4,0,0
BRDA:255,4,1,0
BRDA:256,5,0,0
BRDA:256,5,1,0
BRDA:257,6,0,0
BRDA:257,6,1,0
BRDA:258,7,0,0
BRDA:258,7,1,0
BRDA:259,8,0,0
BRDA:259,8,1,0
BRDA:260,9,0,0
BRDA:260,9,1,0
BRDA:261,10,0,0
BRDA:261,10,1,0
BRDA:262,11,0,0
BRDA:262,11,1,0
BRDA:263,12,0,0
BRDA:263,12,1,0
BRDA:264,13,0,0
BRDA:264,13,1,0
BRDA:265,14,0,0
BRDA:265,14,1,0
BRDA:266,15,0,0
BRDA:266,15,1,0
BRDA:267,16,0,0
BRDA:267,16,1,0
BRDA:268,17,0,0
BRDA:268,17,1,0
BRDA:269,18,0,0
BRDA:269,18,1,0
BRDA:270,19,0,0
BRDA:270,19,1,0
BRDA:271,20,0,0
BRDA:271,20,1,0
BRDA:272,21,0,0
BRDA:272,21,1,0
BRDA:273,22,0,0
BRDA:273,22,1,0
BRDA:308,23,0,0
BRDA:308,23,1,0
BRDA:308,24,0,0
BRDA:308,24,1,0
BRDA:308,24,2,0
BRDA:312,25,0,0
BRDA:312,25,1,0
BRDA:312,26,0,0
BRDA:312,26,1,0
BRDA:312,26,2,0
BRDA:316,27,0,0
BRDA:316,27,1,0
BRDA:316,28,0,0
BRDA:316,28,1,0
BRF:60
BRH:0
end_of_record
TN:
SF:src\pmpProjectPlan.ts
FN:75,(anonymous_9)
FN:84,(anonymous_10)
FN:107,(anonymous_11)
FN:120,(anonymous_12)
FN:158,(anonymous_13)
FN:171,(anonymous_14)
FN:189,(anonymous_15)
FN:231,(anonymous_16)
FN:263,(anonymous_17)
FN:308,(anonymous_18)
FN:310,(anonymous_19)
FN:317,(anonymous_20)
FN:341,(anonymous_21)
FN:358,(anonymous_22)
FN:419,(anonymous_23)
FN:468,(anonymous_24)
FN:503,(anonymous_25)
FN:534,(anonymous_26)
FN:569,(anonymous_27)
FN:591,(anonymous_28)
FN:607,(anonymous_29)
FN:624,(anonymous_30)
FN:641,(anonymous_31)
FN:648,(anonymous_32)
FN:692,(anonymous_33)
FN:754,(anonymous_34)
FN:777,(anonymous_35)
FN:793,(anonymous_36)
FN:794,(anonymous_37)
FN:795,(anonymous_38)
FN:845,(anonymous_39)
FN:858,(anonymous_40)
FN:872,(anonymous_41)
FN:888,(anonymous_42)
FN:895,(anonymous_43)
FN:903,(anonymous_44)
FN:921,(anonymous_45)
FN:933,(anonymous_46)
FN:934,(anonymous_47)
FNF:39
FNH:0
FNDA:0,(anonymous_9)
FNDA:0,(anonymous_10)
FNDA:0,(anonymous_11)
FNDA:0,(anonymous_12)
FNDA:0,(anonymous_13)
FNDA:0,(anonymous_14)
FNDA:0,(anonymous_15)
FNDA:0,(anonymous_16)
FNDA:0,(anonymous_17)
FNDA:0,(anonymous_18)
FNDA:0,(anonymous_19)
FNDA:0,(anonymous_20)
FNDA:0,(anonymous_21)
FNDA:0,(anonymous_22)
FNDA:0,(anonymous_23)
FNDA:0,(anonymous_24)
FNDA:0,(anonymous_25)
FNDA:0,(anonymous_26)
FNDA:0,(anonymous_27)
FNDA:0,(anonymous_28)
FNDA:0,(anonymous_29)
FNDA:0,(anonymous_30)
FNDA:0,(anonymous_31)
FNDA:0,(anonymous_32)
FNDA:0,(anonymous_33)
FNDA:0,(anonymous_34)
FNDA:0,(anonymous_35)
FNDA:0,(anonymous_36)
FNDA:0,(anonymous_37)
FNDA:0,(anonymous_38)
FNDA:0,(anonymous_39)
FNDA:0,(anonymous_40)
FNDA:0,(anonymous_41)
FNDA:0,(anonymous_42)
FNDA:0,(anonymous_43)
FNDA:0,(anonymous_44)
FNDA:0,(anonymous_45)
FNDA:0,(anonymous_46)
FNDA:0,(anonymous_47)
DA:8,0
DA:9,0
DA:10,0
DA:12,0
DA:16,0
DA:18,0
DA:22,0
DA:70,0
DA:76,0
DA:77,0
DA:78,0
DA:85,0
DA:86,0
DA:88,0
DA:90,0
DA:92,0
DA:94,0
DA:96,0
DA:99,0
DA:100,0
DA:108,0
DA:110,0
DA:111,0
DA:112,0
DA:114,0
DA:121,0
DA:123,0
DA:124,0
DA:127,0
DA:130,0
DA:132,0
DA:133,0
DA:136,0
DA:137,0
DA:140,0
DA:141,0
DA:143,0
DA:144,0
DA:146,0
DA:149,0
DA:150,0
DA:152,0
DA:159,0
DA:161,0
DA:162,0
DA:164,0
DA:165,0
DA:172,0
DA:174,0
DA:175,0
DA:176,0
DA:179,0
DA:180,0
DA:182,0
DA:183,0
DA:190,0
DA:197,0
DA:198,0
DA:199,0
DA:202,0
DA:203,0
DA:204,0
DA:205,0
DA:207,0
DA:210,0
DA:225,0
DA:232,0
DA:233,0
DA:234,0
DA:235,0
DA:237,0
DA:238,0
DA:239,0
DA:241,0
DA:242,0
DA:243,0
DA:244,0
DA:246,0
DA:247,0
DA:248,0
DA:249,0
DA:253,0
DA:254,0
DA:257,0
DA:264,0
DA:271,0
DA:272,0
DA:274,0
DA:275,0
DA:277,0
DA:278,0
DA:280,0
DA:281,0
DA:283,0
DA:284,0
DA:285,0
DA:286,0
DA:302,0
DA:309,0
DA:310,0
DA:311,0
DA:316,0
DA:317,0
DA:318,0
DA:319,0
DA:331,0
DA:335,0
DA:342,0
DA:343,0
DA:344,0
DA:345,0
DA:346,0
DA:347,0
DA:348,0
DA:349,0
DA:351,0
DA:359,0
DA:361,0
DA:363,0
DA:364,0
DA:366,0
DA:367,0
DA:368,0
DA:372,0
DA:373,0
DA:375,0
DA:376,0
DA:377,0
DA:381,0
DA:385,0
DA:387,0
DA:388,0
DA:390,0
DA:391,0
DA:393,0
DA:394,0
DA:396,0
DA:397,0
DA:401,0
DA:403,0
DA:408,0
DA:411,0
DA:412,0
DA:420,0
DA:469,0
DA:492,0
DA:493,0
DA:496,0
DA:497,0
DA:504,0
DA:523,0
DA:524,0
DA:527,0
DA:528,0
DA:535,0
DA:558,0
DA:559,0
DA:562,0
DA:563,0
DA:570,0
DA:572,0
DA:573,0
DA:574,0
DA:575,0
DA:578,0
DA:580,0
DA:583,0
DA:584,0
DA:592,0
DA:606,0
DA:607,0
DA:623,0
DA:624,0
DA:635,0
DA:642,0
DA:644,0
DA:645,0
DA:648,0
DA:649,0
DA:650,0
DA:651,0
DA:652,0
DA:653,0
DA:670,0
DA:693,0
DA:695,0
DA:697,0
DA:698,0
DA:699,0
DA:703,0
DA:705,0
DA:706,0
DA:709,0
DA:728,0
DA:731,0
DA:755,0
DA:757,0
DA:778,0
DA:779,0
DA:792,0
DA:793,0
DA:794,0
DA:795,0
DA:797,0
DA:798,0
DA:811,0
DA:812,0
DA:825,0
DA:826,0
DA:839,0
DA:846,0
DA:847,0
DA:848,0
DA:851,0
DA:852,0
DA:859,0
DA:860,0
DA:861,0
DA:864,0
DA:865,0
DA:867,0
DA:868,0
DA:869,0
DA:871,0
DA:872,0
DA:873,0
DA:874,0
DA:878,0
DA:880,0
DA:881,0
DA:889,0
DA:896,0
DA:897,0
DA:904,0
DA:905,0
DA:908,0
DA:910,0
DA:912,0
DA:914,0
DA:922,0
DA:925,0
DA:932,0
DA:933,0
DA:934,0
DA:935,0
DA:938,0
DA:940,0
DA:941,0
DA:944,0
DA:945,0
DA:947,0
DA:948,0
DA:950,0
DA:951,0
DA:954,0
DA:955,0
DA:965,0
LF:257
LH:0
BRDA:77,0,0,0
BRDA:77,0,1,0
BRDA:86,1,0,0
BRDA:86,1,1,0
BRDA:86,1,2,0
BRDA:86,1,3,0
BRDA:86,1,4,0
BRDA:123,2,0,0
BRDA:123,2,1,0
BRDA:130,3,0,0
BRDA:130,3,1,0
BRDA:130,3,2,0
BRDA:130,3,3,0
BRDA:130,3,4,0
BRDA:130,3,5,0
BRDA:130,3,6,0
BRDA:175,4,0,0
BRDA:175,4,1,0
BRDA:198,5,0,0
BRDA:198,5,1,0
BRDA:207,6,0,0
BRDA:207,6,1,0
BRDA:207,7,0,0
BRDA:207,7,1,0
BRDA:207,7,2,0
BRDA:239,8,0,0
BRDA:239,8,1,0
BRDA:239,9,0,0
BRDA:239,9,1,0
[...]
DA:167,0
DA:168,0
DA:170,0
DA:187,0
DA:190,0
DA:266,0
DA:267,0
DA:270,0
DA:271,0
DA:273,0
DA:274,0
DA:275,0
DA:276,0
DA:278,0
DA:287,0
DA:288,0
DA:289,0
DA:290,0
DA:292,0
DA:293,0
DA:294,0
DA:296,0
DA:305,0
DA:306,0
DA:307,0
DA:309,0
DA:310,0
DA:311,0
DA:312,0
DA:313,0
DA:315,0
DA:316,0
DA:320,0
DA:324,0
DA:336,0
DA:337,0
DA:338,0
DA:339,0
DA:340,0
DA:344,0
DA:348,0
DA:354,0
DA:355,0
DA:356,0
DA:357,0
DA:358,0
DA:359,0
DA:360,0
DA:361,0
DA:367,0
DA:376,0
DA:377,0
DA:379,0
DA:380,0
DA:383,0
DA:384,0
DA:385,0
DA:387,0
DA:388,0
DA:392,0
DA:396,0
DA:397,0
DA:399,0
DA:400,0
DA:401,0
DA:402,0
DA:406,0
DA:410,0
DA:411,0
DA:412,0
DA:413,0
DA:414,0
DA:416,0
DA:420,0
DA:421,0
DA:433,0
DA:436,0
DA:438,0
DA:444,0
DA:447,0
DA:466,0
DA:467,0
DA:468,0
DA:469,0
DA:470,0
DA:472,0
DA:474,0
DA:475,0
DA:476,0
DA:479,0
DA:480,0
DA:481,0
DA:491,0
DA:492,0
DA:493,0
DA:503,0
DA:504,0
DA:505,0
DA:515,0
DA:516,0
DA:517,0
DA:528,0
DA:529,0
DA:532,0
DA:533,0
DA:536,0
DA:543,0
DA:544,0
DA:545,0
DA:552,0
DA:553,0
DA:556,0
DA:557,0
DA:566,0
DA:567,0
DA:577,0
DA:578,0
DA:587,0
DA:604,0
DA:606,0
DA:615,0
DA:616,0
DA:617,0
DA:621,0
DA:622,0
DA:625,0
DA:626,0
DA:629,0
DA:631,0
DA:639,0
DA:642,0
DA:653,0
DA:654,0
DA:657,0
DA:669,0
DA:670,0
DA:671,0
DA:675,0
DA:676,0
DA:677,0
DA:680,0
DA:681,0
DA:682,0
DA:685,0
DA:696,0
DA:697,0
DA:698,0
DA:701,0
DA:702,0
DA:703,0
DA:706,0
DA:707,0
DA:708,0
DA:711,0
DA:712,0
DA:713,0
DA:716,0
DA:717,0
DA:718,0
DA:725,0
DA:728,0
DA:741,0
DA:742,0
DA:743,0
DA:744,0
DA:759,0
DA:760,0
DA:767,0
DA:769,0
DA:782,0
DA:783,0
DA:784,0
DA:786,0
DA:787,0
DA:788,0
DA:789,0
DA:790,0
DA:791,0
DA:793,0
DA:794,0
DA:802,0
DA:803,0
DA:805,0
DA:806,0
DA:812,0
DA:813,0
DA:825,0
DA:838,0
DA:839,0
DA:840,0
DA:841,0
DA:843,0
DA:845,0
DA:846,0
DA:847,0
DA:850,0
DA:851,0
DA:852,0
DA:855,0
DA:856,0
DA:859,0
DA:860,0
DA:863,0
DA:872,0
DA:875,0
DA:889,0
DA:890,0
DA:893,0
DA:919,0
DA:920,0
DA:921,0
DA:922,0
DA:923,0
DA:935,0
DA:942,0
DA:943,0
DA:944,0
DA:946,0
DA:947,0
DA:948,0
DA:949,0
DA:950,0
DA:962,0
DA:969,0
DA:970,0
DA:971,0
DA:974,0
DA:975,0
DA:977,0
DA:978,0
DA:988,0
DA:995,0
DA:996,0
DA:997,0
DA:999,0
DA:1000,0
DA:1001,0
DA:1002,0
DA:1003,0
DA:1014,0
DA:1022,0
DA:1023,0
DA:1025,0
DA:1026,0
DA:1029,0
DA:1036,0
DA:1037,0
DA:1038,0
DA:1039,0
DA:1042,0
DA:1049,0
DA:1050,0
DA:1051,0
DA:1053,0
DA:1055,0
DA:1057,0
DA:1058,0
DA:1059,0
DA:1060,0
DA:1067,0
DA:1073,0
DA:1088,0
DA:1091,0
DA:1094,0
DA:1097,0
DA:1110,0
DA:1113,0
DA:1119,0
DA:1120,0
DA:1121,0
DA:1122,0
DA:1126,0
LF:312
LH:0
BRDA:86,0,0,0
BRDA:86,0,1,0
BRDA:98,1,0,0
BRDA:98,1,1,0
BRDA:100,2,0,0
BRDA:100,2,1,0
BRDA:119,3,0,0
BRDA:119,3,1,0
BRDA:130,4,0,0
BRDA:130,4,1,0
BRDA:142,5,0,0
BRDA:142,5,1,0
BRDA:148,6,0,0
BRDA:148,6,1,0
BRDA:148,7,0,0
BRDA:148,7,1,0
BRDA:148,8,0,0
BRDA:148,8,1,0
BRDA:190,9,0,0
BRDA:190,9,1,0
BRDA:266,10,0,0
BRDA:266,10,1,0
BRDA:273,11,0,0
BRDA:273,11,1,0
BRDA:274,12,0,0
BRDA:274,12,1,0
BRDA:275,13,0,0
BRDA:275,13,1,0
BRDA:276,14,0,0
BRDA:276,14,1,0
BRDA:278,15,0,0
BRDA:278,15,1,0
BRDA:293,16,0,0
BRDA:293,16,1,0
BRDA:293,17,0,0
BRDA:293,17,1,0
BRDA:294,18,0,0
BRDA:294,18,1,0
BRDA:294,19,0,0
BRDA:294,19,1,0
BRDA:311,20,0,0
BRDA:311,20,1,0
BRDA:315,21,0,0
BRDA:315,21,1,0
BRDA:339,22,0,0
BRDA:339,22,1,0
BRDA:357,23,0,0
BRDA:357,23,1,0
BRDA:360,24,0,0
BRDA:360,24,1,0
BRDA:360,25,0,0
BRDA:360,25,1,0
BRDA:377,26,0,0
BRDA:377,26,1,0
BRDA:379,27,0,0
BRDA:379,27,1,0
BRDA:383,28,0,0
BRDA:383,28,1,0
BRDA:384,29,0,0
BRDA:384,29,1,0
BRDA:384,30,0,0
BRDA:384,30,1,0
BRDA:387,31,0,0
BRDA:387,31,1,0
BRDA:399,32,0,0
BRDA:399,32,1,0
BRDA:441,33,0,0
BRDA:441,33,1,0
BRDA:441,34,0,0
BRDA:441,34,1,0
BRDA:441,35,0,0
BRDA:441,35,1,0
BRDA:441,36,0,0
BRDA:441,36,1,0
BRDA:480,37,0,0
BRDA:480,37,1,0
BRDA:492,38,0,0
BRDA:492,38,1,0
BRDA:504,39,0,0
BRDA:504,39,1,0
BRDA:516,40,0,0
BRDA:516,40,1,0
BRDA:528,41,0,0
BRDA:528,41,1,0
BRDA:532,42,0,0
BRDA:532,42,1,0
BRDA:543,43,0,0
BRDA:543,43,1,0
BRDA:543,44,0,0
BRDA:543,44,1,0
BRDA:544,45,0,0
BRDA:544,45,1,0
BRDA:545,46,0,0
BRDA:545,46,1,0
BRDA:556,47,0,0
BRDA:556,47,1,0
BRDA:566,48,0,0
BRDA:566,48,1,0
BRDA:577,49,0,0
BRDA:577,49,1,0
BRDA:591,50,0,0
BRDA:591,50,1,0
BRDA:615,51,0,0
BRDA:615,51,1,0
BRDA:616,52,0,0
BRDA:616,52,1,0
BRDA:621,53,0,0
BRDA:621,53,1,0
BRDA:621,54,0,0
BRDA:621,54,1,0
BRDA:625,55,0,0
BRDA:625,55,1,0
BRDA:625,56,0,0
BRDA:625,56,1,0
BRDA:639,57,0,0
BRDA:639,57,1,0
BRDA:639,57,2,0
BRDA:639,57,3,0
BRDA:642,58,0,0
BRDA:642,58,1,0
BRDA:669,59,0,0
BRDA:669,59,1,0
BRDA:675,60,0,0
BRDA:675,60,1,0
BRDA:680,61,0,0
BRDA:680,61,1,0
BRDA:717,62,0,0
BRDA:717,62,1,0
BRDA:759,63,0,0
BRDA:759,63,1,0
BRDA:788,64,0,0
BRDA:788,64,1,0
BRDA:793,65,0,0
BRDA:793,65,1,0
BRDA:805,66,0,0
BRDA:805,66,1,0
BRDA:805,67,0,0
BRDA:805,67,1,0
BRDA:812,68,0,0
BRDA:812,68,1,0
BRDA:812,69,0,0
BRDA:812,69,1,0
BRDA:864,70,0,0
BRDA:864,70,1,0
BRDA:864,71,0,0
BRDA:864,71,1,0
BRDA:864,72,0,0
BRDA:864,72,1,0
BRDA:921,73,0,0
BRDA:921,73,1,0
BRDA:948,74,0,0
BRDA:948,74,1,0
BRDA:977,75,0,0
BRDA:977,75,1,0
BRDA:977,76,0,0
BRDA:977,76,1,0
BRDA:1001,77,0,0
BRDA:1001,77,1,0
BRDA:1026,78,0,0
BRDA:1026,78,1,0
BRDA:1038,79,0,0
BRDA:1038,79,1,0
BRDA:1057,80,0,0
BRDA:1057,80,1,0
BRDA:1059,81,0,0
BRDA:1059,81,1,0
BRDA:1098,82,0,0
BRDA:1098,82,1,0
BRDA:1121,83,0,0
BRDA:1121,83,1,0
BRF:170
BRH:0
end_of_record
TN:
SF:src\versionManager.ts
FN:38,(anonymous_9)
FN:47,(anonymous_10)
FN:70,(anonymous_11)
FN:79,(anonymous_12)
FN:186,(anonymous_13)
FN:239,(anonymous_14)
FN:273,(anonymous_15)
FN:360,(anonymous_16)
FN:377,(anonymous_17)
FN:389,(anonymous_18)
FN:412,(anonymous_19)
FN:424,(anonymous_20)
FN:438,(anonymous_21)
FN:452,(anonymous_22)
FN:466,(anonymous_23)
FN:473,(anonymous_24)
FN:486,(anonymous_25)
FN:491,(anonymous_26)
FN:496,(anonymous_27)
FN:501,(anonymous_28)
FN:508,(anonymous_29)
FN:536,(anonymous_30)
FN:544,(anonymous_31)
FN:547,(anonymous_32)
FN:555,(anonymous_33)
FN:576,(anonymous_34)
FN:652,(anonymous_35)
FN:668,(anonymous_36)
FN:681,(anonymous_37)
FN:710,(anonymous_38)
FN:719,(anonymous_39)
FN:721,(anonymous_40)
FNF:32
FNH:0
FNDA:0,(anonymous_9)
FNDA:0,(anonymous_10)
FNDA:0,(anonymous_11)
FNDA:0,(anonymous_12)
FNDA:0,(anonymous_13)
FNDA:0,(anonymous_14)
FNDA:0,(anonymous_15)
FNDA:0,(anonymous_16)
FNDA:0,(anonymous_17)
FNDA:0,(anonymous_18)
FNDA:0,(anonymous_19)
FNDA:0,(anonymous_20)
FNDA:0,(anonymous_21)
FNDA:0,(anonymous_22)
FNDA:0,(anonymous_23)
FNDA:0,(anonymous_24)
FNDA:0,(anonymous_25)
FNDA:0,(anonymous_26)
FNDA:0,(anonymous_27)
FNDA:0,(anonymous_28)
FNDA:0,(anonymous_29)
FNDA:0,(anonymous_30)
FNDA:0,(anonymous_31)
FNDA:0,(anonymous_32)
FNDA:0,(anonymous_33)
FNDA:0,(anonymous_34)
FNDA:0,(anonymous_35)
FNDA:0,(anonymous_36)
FNDA:0,(anonymous_37)
FNDA:0,(anonymous_38)
FNDA:0,(anonymous_39)
FNDA:0,(anonymous_40)
DA:3,0
DA:4,0
DA:5,0
DA:30,0
DA:39,0
DA:40,0
DA:41,0
DA:42,0
DA:43,0
DA:44,0
DA:48,0
DA:50,0
DA:51,0
DA:52,0
DA:56,0
DA:57,0
DA:58,0
DA:61,0
DA:62,0
DA:63,0
DA:65,0
DA:71,0
DA:72,0
DA:73,0
DA:75,0
DA:80,0
DA:81,0
DA:82,0
DA:84,0
DA:86,0
DA:87,0
DA:88,0
DA:89,0
DA:90,0
DA:91,0
DA:92,0
DA:95,0
DA:96,0
DA:98,0
DA:105,0
DA:106,0
DA:107,0
DA:108,0
DA:109,0
DA:115,0
DA:120,0
DA:121,0
DA:122,0
DA:123,0
DA:130,0
DA:135,0
DA:136,0
DA:137,0
DA:138,0
DA:145,0
DA:146,0
DA:147,0
DA:148,0
DA:149,0
DA:155,0
DA:160,0
DA:161,0
DA:162,0
DA:163,0
DA:170,0
DA:175,0
DA:176,0
DA:177,0
DA:178,0
DA:185,0
DA:186,0
DA:187,0
DA:188,0
DA:194,0
DA:199,0
DA:200,0
DA:201,0
DA:202,0
DA:210,0
DA:213,0
DA:214,0
DA:222,0
DA:230,0
DA:231,0
DA:232,0
DA:233,0
DA:234,0
DA:235,0
DA:240,0
DA:242,0
DA:244,0
DA:250,0
DA:256,0
DA:258,0
DA:265,0
DA:266,0
DA:267,0
DA:268,0
DA:274,0
DA:275,0
DA:277,0
DA:278,0
DA:280,0
DA:281,0
DA:282,0
DA:286,0
DA:287,0
DA:288,0
DA:289,0
DA:290,0
DA:291,0
DA:294,0
DA:295,0
DA:298,0
DA:299,0
DA:300,0
DA:301,0
DA:302,0
DA:303,0
DA:308,0
DA:309,0
DA:310,0
DA:311,0
DA:316,0
DA:317,0
DA:318,0
DA:319,0
DA:326,0
DA:329,0
DA:330,0
DA:331,0
DA:339,0
DA:340,0
DA:347,0
DA:350,0
DA:351,0
DA:352,0
DA:356,0
DA:361,0
DA:362,0
DA:363,0
DA:364,0
DA:367,0
DA:368,0
DA:370,0
DA:372,0
DA:373,0
DA:378,0
DA:379,0
DA:380,0
DA:382,0
DA:384,0
DA:385,0
DA:390,0
DA:391,0
DA:392,0
DA:393,0
DA:394,0
DA:400,0
DA:404,0
DA:413,0
DA:414,0
DA:415,0
DA:416,0
DA:418,0
DA:420,0
DA:425,0
DA:426,0
DA:427,0
DA:428,0
DA:430,0
DA:431,0
DA:433,0
DA:434,0
DA:439,0
DA:440,0
DA:441,0
DA:443,0
DA:444,0
DA:445,0
DA:447,0
DA:448,0
DA:453,0
DA:454,0
DA:455,0
DA:457,0
DA:458,0
DA:459,0
DA:461,0
DA:462,0
DA:467,0
DA:468,0
DA:469,0
DA:471,0
DA:472,0
DA:473,0
DA:474,0
DA:475,0
DA:476,0
DA:479,0
DA:481,0
DA:482,0
DA:488,0
DA:493,0
DA:498,0
DA:502,0
DA:503,0
DA:504,0
DA:509,0
DA:516,0
DA:536,0
DA:544,0
DA:547,0
DA:552,0
DA:561,0
DA:562,0
DA:563,0
DA:565,0
DA:577,0
DA:579,0
DA:581,0
DA:582,0
DA:583,0
DA:584,0
DA:587,0
DA:588,0
DA:591,0
DA:592,0
DA:593,0
DA:594,0
DA:597,0
DA:600,0
DA:602,0
DA:603,0
DA:604,0
DA:605,0
DA:607,0
DA:608,0
DA:609,0
DA:611,0
DA:612,0
DA:615,0
DA:618,0
DA:619,0
DA:620,0
DA:623,0
DA:626,0
DA:629,0
DA:632,0
DA:633,0
DA:634,0
DA:635,0
DA:637,0
DA:639,0
DA:642,0
DA:643,0
DA:644,0
DA:645,0
DA:653,0
DA:658,0
DA:660,0
DA:661,0
DA:669,0
DA:670,0
DA:672,0
DA:682,0
DA:683,0
DA:684,0
DA:687,0
DA:688,0
DA:691,0
DA:692,0
DA:699,0
DA:701,0
DA:703,0
DA:711,0
DA:712,0
DA:714,0
DA:715,0
DA:718,0
DA:719,0
DA:721,0
DA:722,0
DA:723,0
DA:725,0
DA:729,0
DA:730,0
LF:287
LH:0
BRDA:40,0,0,0
BRDA:40,0,1,0
BRDA:41,1,0,0
BRDA:41,1,1,0
BRDA:42,2,0,0
BRDA:42,2,1,0
BRDA:43,3,0,0
BRDA:43,3,1,0
BRDA:50,4,0,0
BRDA:50,4,1,0
BRDA:50,5,0,0
BRDA:50,5,1,0
BRDA:50,5,2,0
BRDA:57,6,0,0
BRDA:57,6,1,0
BRDA:87,7,0,0
BRDA:87,7,1,0
BRDA:96,8,0,0
BRDA:96,8,1,0
BRDA:106,9,0,0
BRDA:106,9,1,0
BRDA:108,10,0,0
BRDA:108,10,1,0
BRDA:146,11,0,0
BRDA:146,11,1,0
BRDA:148,12,0,0
BRDA:148,12,1,0
BRDA:185,13,0,0
BRDA:185,13,1,0
BRDA:185,14,0,0
BRDA:185,14,1,0
BRDA:187,15,0,0
BRDA:187,15,1,0
BRDA:187,16,0,0
BRDA:187,16,1,0
BRDA:213,17,0,0
BRDA:213,17,1,0
BRDA:230,18,0,0
BRDA:230,18,1,0
BRDA:242,19,0,0
BRDA:242,19,1,0
BRDA:265,20,0,0
BRDA:265,20,1,0
BRDA:267,21,0,0
BRDA:267,21,1,0
BRDA:280,22,0,0
BRDA:280,22,1,0
BRDA:287,23,0,0
BRDA:287,23,1,0
BRDA:300,24,0,0
BRDA:300,24,1,0
BRDA:308,25,0,0
BRDA:308,25,1,0
BRDA:316,26,0,0
BRDA:316,26,1,0
BRDA:329,27,0,0
BRDA:329,27,1,0
BRDA:339,28,0,0
BRDA:339,28,1,0
BRDA:350,29,0,0
BRDA:350,29,1,0
BRDA:391,30,0,0
BRDA:391,30,1,0
BRDA:415,31,0,0
BRDA:415,31,1,0
BRDA:426,32,0,0
BRDA:426,32,1,0
BRDA:431,33,0,0
BRDA:431,33,1,0
BRDA:440,34,0,0
BRDA:440,34,1,0
BRDA:445,35,0,0
BRDA:445,35,1,0
BRDA:454,36,0,0
BRDA:454,36,1,0
BRDA:459,37,0,0
BRDA:459,37,1,0
BRDA:468,38,0,0
BRDA:468,38,1,0
BRDA:472,39,0,0
BRDA:472,39,1,0
BRDA:472,40,0,0
BRDA:472,40,1,0
BRDA:474,41,0,0
BRDA:474,41,1,0
BRDA:476,42,0,0
BRDA:476,42,1,0
BRDA:503,43,0,0
BRDA:503,43,1,0
BRDA:533,44,0,0
BRDA:533,44,1,0
BRDA:576,45,0,0
BRDA:582,46,0,0
BRDA:582,46,1,0
BRDA:592,47,0,0
BRDA:592,47,1,0
BRDA:600,48,0,0
BRDA:600,48,1,0
BRDA:600,48,2,0
BRDA:642,49,0,0
BRDA:642,49,1,0
BRDA:687,50,0,0
BRDA:687,50,1,0
BRDA:695,51,0,0
BRDA:695,51,1,0
BRDA:714,52,0,0
BRDA:714,52,1,0
BRF:107
BRH:0
end_of_record
TN:
SF:src\plugins\fastify-event-bus.ts
FN:25,(anonymous_0)
FN:36,(anonymous_1)
FN:51,(anonymous_2)
FN:59,(anonymous_3)
FN:74,(anonymous_4)
FN:81,(anonymous_5)
FN:86,(anonymous_6)
FN:94,(anonymous_7)
FN:101,(anonymous_8)
FN:114,(anonymous_9)
FN:132,generateEventId
FNF:11
FNH:5
FNDA:15,(anonymous_0)
FNDA:3,(anonymous_1)
FNDA:0,(anonymous_2)
FNDA:0,(anonymous_3)
FNDA:0,(anonymous_4)
FNDA:0,(anonymous_5)
FNDA:0,(anonymous_6)
FNDA:0,(anonymous_7)
FNDA:1,(anonymous_8)
FNDA:3,(anonymous_9)
FNDA:3,generateEventId
DA:2,1
DA:25,1
DA:26,15
DA:29,15
DA:30,15
DA:33,15
DA:36,15
DA:37,3
DA:43,3
DA:44,3
DA:46,3
DA:50,15
DA:51,15
DA:52,0
DA:59,0
DA:60,0
DA:61,0
DA:65,0
DA:74,0
DA:75,0
DA:78,0
DA:81,0
DA:82,0
DA:86,0
DA:87,0
DA:88,0
DA:89,0
DA:91,0
DA:94,0
DA:95,0
DA:101,15
DA:102,1
DA:106,1
DA:114,15
DA:115,3
DA:117,3
DA:123,3
DA:129,15
DA:133,3
DA:136,1
LF:40
LH:23
BRDA:26,0,0,0
BRDA:26,1,0,0
BRDA:50,2,0,15
BRDA:50,2,1,0
BRDA:87,3,0,0
BRDA:87,3,1,0
BRDA:102,4,0,0
BRDA:115,5,0,0
BRDA:115,6,0,0
BRDA:115,7,0,0
BRF:10
BRH:1
end_of_record
TN:
SF:src\plugins\fastify-health.ts
FN:31,(anonymous_0)
FN:35,(anonymous_1)
FN:68,(anonymous_2)
FN:73,(anonymous_3)
FN:86,(anonymous_4)
FN:100,(anonymous_5)
FN:130,checkPluginHealth
FNF:7
FNH:0
FNDA:0,(anonymous_0)
FNDA:0,(anonymous_1)
FNDA:0,(anonymous_2)
FNDA:0,(anonymous_3)
FNDA:0,(anonymous_4)
FNDA:0,(anonymous_5)
FNDA:0,checkPluginHealth
DA:31,0
DA:32,0
DA:35,0
DA:36,0
DA:38,0
DA:40,0
DA:47,0
DA:49,0
DA:56,0
DA:57,0
DA:58,0
DA:68,0
DA:69,0
DA:73,0
DA:74,0
DA:76,0
DA:84,0
DA:85,0
DA:87,0
DA:88,0
DA:90,0
DA:99,0
DA:100,0
DA:102,0
DA:123,0
DA:124,0
DA:127,0
DA:131,0
DA:134,0
DA:135,0
DA:141,0
DA:149,0
DA:150,0
DA:151,0
DA:157,0
DA:165,0
DA:166,0
DA:168,0
DA:179,0
DA:188,0
DA:191,0
LF:41
LH:0
BRDA:32,0,0,0
BRDA:32,1,0,0
BRDA:53,2,0,0
BRDA:53,2,1,0
BRDA:60,3,0,0
BRDA:60,3,1,0
BRDA:93,4,0,0
BRDA:93,4,1,0
BRDA:103,5,0,0
BRDA:103,5,1,0
BRDA:112,6,0,0
BRDA:112,6,1,0
BRDA:123,7,0,0
BRDA:123,7,1,0
BRDA:134,8,0,0
BRDA:134,8,1,0
BRDA:149,9,0,0
BRDA:149,9,1,0
BRDA:153,10,0,0
BRDA:153,10,1,0
BRDA:170,11,0,0
BRDA:170,11,1,0
BRDA:183,12,0,0
BRDA:183,12,1,0
BRDA:184,13,0,0
BRDA:184,13,1,0
BRF:26
BRH:0
end_of_record
TN:
SF:src\plugins\fastify-metrics.ts
FN:35,(anonymous_9)
FN:58,(anonymous_10)
FN:61,(anonymous_11)
FN:70,(anonymous_12)
FN:72,(anonymous_13)
FN:100,(anonymous_14)
FN:121,(anonymous_15)
FN:130,(anonymous_16)
FN:148,(anonymous_17)
FN:149,(anonymous_18)
FN:150,(anonymous_19)
FN:153,(anonymous_20)
FN:174,(anonymous_21)
FN:181,(anonymous_22)
FN:195,(anonymous_23)
FN:196,(anonymous_24)
FN:197,(anonymous_25)
FNF:17
FNH:13
FNDA:15,(anonymous_9)
FNDA:0,(anonymous_10)
FNDA:8,(anonymous_11)
FNDA:8,(anonymous_12)
FNDA:6,(anonymous_13)
FNDA:4,(anonymous_14)
FNDA:2,(anonymous_15)
FNDA:37,(anonymous_16)
FNDA:45,(anonymous_17)
FNDA:45,(anonymous_18)
FNDA:45,(anonymous_19)
FNDA:41,(anonymous_20)
FNDA:4,(anonymous_21)
FNDA:4,(anonymous_22)
FNDA:0,(anonymous_23)
FNDA:0,(anonymous_24)
FNDA:0,(anonymous_25)
DA:3,1
DA:4,1
DA:35,1
DA:36,15
DA:39,15
DA:40,15
DA:41,15
DA:45,15
DA:46,15
DA:47,15
DA:48,0
DA:49,0
DA:52,0
DA:56,15
DA:57,15
DA:58,15
DA:61,15
DA:62,8
DA:63,8
DA:65,0
DA:70,15
DA:71,8
DA:72,8
DA:74,8
DA:75,2
DA:85,2
DA:88,8
DA:90,4
DA:91,4
DA:93,4
DA:96,8
DA:100,15
DA:101,4
DA:104,4
DA:106,1
DA:107,1
DA:109,2
DA:110,2
DA:112,1
DA:113,1
DA:115,0
DA:118,4
DA:119,4
DA:121,4
DA:124,4
DA:125,4
DA:126,45
DA:127,45
DA:128,45
DA:130,45
DA:131,45
DA:132,2
DA:134,43
DA:148,45
DA:149,45
DA:150,45
DA:151,4
DA:153,4
DA:154,41
DA:157,4
DA:170,4
DA:174,15
DA:175,4
DA:178,4
DA:181,15
DA:182,4
DA:183,4
DA:184,4
DA:185,4
DA:186,4
DA:188,4
DA:189,0
DA:195,15
DA:196,15
DA:197,15
DA:199,15
DA:211,1
LF:77
LH:71
BRDA:36,0,0,0
BRDA:36,1,0,0
BRDA:40,2,0,15
BRDA:40,2,1,0
BRDA:47,3,0,0
BRDA:47,3,1,15
BRDA:70,4,0,4
BRDA:74,5,0,2
BRDA:74,5,1,6
BRDA:88,6,0,4
BRDA:88,6,1,4
BRDA:101,7,0,0
BRDA:104,8,0,1
BRDA:104,8,1,2
BRDA:104,8,2,1
BRDA:104,8,3,0
BRDA:131,9,0,2
BRDA:131,9,1,43
BRDA:150,10,0,4
BRDA:150,10,1,3
BRDA:151,11,0,2
BRDA:151,11,1,2
BRDA:154,12,0,2
BRDA:154,12,1,39
BRDA:183,13,0,4
BRDA:183,13,1,0
BRDA:188,14,0,0
BRDA:188,14,1,4
BRF:28
BRH:20
end_of_record
TN:
SF:src\plugins\fastify-request-logger.ts
FN:28,(anonymous_0)
FN:32,(anonymous_1)
FN:39,(anonymous_2)
FN:43,(anonymous_3)
FN:47,(anonymous_4)
FN:48,(anonymous_5)
FN:51,(anonymous_6)
FN:52,(anonymous_7)
FN:55,(anonymous_8)
FN:59,(anonymous_9)
FN:66,(anonymous_10)
FN:67,(anonymous_11)
FN:70,(anonymous_12)
FN:83,(anonymous_13)
FN:89,(anonymous_14)
FN:98,(anonymous_15)
FN:133,(anonymous_16)
FN:136,(anonymous_17)
FN:145,(anonymous_18)
FN:164,(anonymous_19)
FN:170,(anonymous_20)
FN:195,(anonymous_21)
FN:200,(anonymous_22)
FN:218,generateRequestId
FNF:24
FNH:10
FNDA:15,(anonymous_0)
FNDA:6,(anonymous_1)
FNDA:5,(anonymous_2)
FNDA:0,(anonymous_3)
FNDA:0,(anonymous_4)
FNDA:0,(anonymous_5)
FNDA:0,(anonymous_6)
FNDA:0,(anonymous_7)
FNDA:0,(anonymous_8)
FNDA:6,(anonymous_9)
FNDA:0,(anonymous_10)
FNDA:0,(anonymous_11)
FNDA:0,(anonymous_12)
FNDA:15,(anonymous_13)
FNDA:6,(anonymous_14)
FNDA:6,(anonymous_15)
FNDA:0,(anonymous_16)
FNDA:0,(anonymous_17)
FNDA:5,(anonymous_18)
FNDA:0,(anonymous_19)
FNDA:0,(anonymous_20)
FNDA:1,(anonymous_21)
FNDA:0,(anonymous_22)
FNDA:6,generateRequestId
DA:25,15
DA:29,15
DA:33,6
DA:34,6
DA:35,0
DA:40,5
DA:44,0
DA:48,0
DA:52,0
DA:56,0
DA:65,6
DA:66,6
DA:67,6
DA:69,6
DA:70,6
DA:71,0
DA:74,6
DA:83,1
DA:84,15
DA:86,15
DA:89,15
DA:90,6
DA:91,6
DA:94,6
DA:95,6
DA:98,15
DA:99,6
DA:100,6
DA:102,6
DA:103,6
DA:104,6
DA:106,6
DA:119,6
DA:120,0
DA:124,6
DA:125,0
DA:128,6
DA:133,15
DA:134,0
DA:135,0
DA:136,0
DA:137,0
DA:138,0
DA:139,0
DA:145,15
DA:151,5
DA:158,5
DA:161,5
DA:162,1
DA:163,1
DA:164,1
DA:169,5
DA:170,1
DA:174,5
DA:175,0
DA:176,0
DA:177,5
DA:178,0
DA:179,0
DA:180,0
DA:184,5
DA:186,5
DA:195,15
DA:196,1
DA:200,15
DA:201,0
DA:202,0
DA:206,15
DA:208,15
DA:219,6
DA:222,1
LF:71
LH:50
BRDA:34,0,0,0
BRDA:34,0,1,6
BRDA:67,1,0,6
BRDA:67,1,1,6
BRDA:71,2,0,0
BRDA:71,2,1,0
BRDA:84,3,0,0
BRDA:84,4,0,0
BRDA:84,5,0,0
BRDA:102,6,0,6
BRDA:102,6,1,0
BRDA:102,7,0,6
BRDA:102,7,1,6
BRDA:114,8,0,6
BRDA:114,8,1,0
BRDA:115,9,0,0
BRDA:115,9,1,6
BRDA:119,10,0,0
BRDA:119,10,1,6
BRDA:124,11,0,0
BRDA:124,11,1,6
BRDA:124,12,0,6
BRDA:124,12,1,0
BRDA:124,12,2,0
BRDA:135,13,0,0
BRDA:135,13,1,0
BRDA:137,14,0,0
BRDA:137,14,1,0
BRDA:161,15,0,1
BRDA:161,15,1,4
BRDA:163,16,0,1
BRDA:163,16,1,0
BRDA:169,17,0,1
BRDA:169,17,1,4
BRDA:174,18,0,0
BRDA:174,18,1,5
BRDA:175,19,0,0
BRDA:175,19,1,0
BRDA:177,20,0,0
BRDA:177,20,1,5
BRDA:179,21,0,0
BRDA:179,21,1,0
BRF:42
BRH:18
end_of_record
TN:
SF:src\plugins\fastify-spec-gate.ts
FN:17,(anonymous_9)
FN:37,(anonymous_10)
FN:43,(anonymous_11)
FN:62,extractRequiredComponents
FN:68,(anonymous_13)
FN:94,validateUIComponents
FN:108,(anonymous_15)
FNF:7
FNH:0
FNDA:0,(anonymous_9)
FNDA:0,(anonymous_10)
FNDA:0,(anonymous_11)
FNDA:0,extractRequiredComponents
FNDA:0,(anonymous_13)
FNDA:0,validateUIComponents
FNDA:0,(anonymous_15)
DA:2,0
DA:3,0
DA:17,0
DA:18,0
DA:20,0
DA:22,0
DA:25,0
DA:28,0
DA:30,0
DA:31,0
DA:32,0
DA:36,0
DA:37,0
DA:43,0
DA:44,0
DA:53,0
DA:55,0
DA:56,0
DA:57,0
DA:63,0
DA:66,0
DA:67,0
DA:68,0
DA:72,0
DA:73,0
DA:77,0
DA:78,0
DA:82,0
DA:83,0
DA:87,0
DA:88,0
DA:91,0
DA:95,0
DA:96,0
DA:99,0
DA:100,0
DA:101,0
DA:102,0
DA:105,0
DA:108,0
DA:109,0
DA:111,0
DA:112,0
DA:113,0
DA:114,0
DA:116,0
DA:118,0
DA:119,0
DA:121,0
DA:123,0
DA:124,0
DA:126,0
DA:128,0
DA:129,0
DA:131,0
DA:133,0
DA:134,0
DA:136,0
DA:138,0
DA:139,0
DA:141,0
DA:143,0
DA:144,0
DA:146,0
DA:148,0
DA:149,0
DA:151,0
DA:153,0
DA:154,0
DA:156,0
DA:160,0
DA:168,0
LF:72
LH:0
BRDA:18,0,0,0
BRDA:30,1,0,0
BRDA:30,1,1,0
BRDA:30,2,0,0
BRDA:30,2,1,0
BRDA:45,3,0,0
BRDA:45,3,1,0
BRDA:56,4,0,0
BRDA:56,4,1,0
BRDA:67,5,0,0
BRDA:67,5,1,0
BRDA:72,6,0,0
BRDA:72,6,1,0
BRDA:72,7,0,0
BRDA:72,7,1,0
BRDA:72,7,2,0
BRDA:77,8,0,0
BRDA:77,8,1,0
BRDA:77,9,0,0
BRDA:77,9,1,0
BRDA:77,9,2,0
BRDA:82,10,0,0
BRDA:82,10,1,0
BRDA:82,11,0,0
BRDA:82,11,1,0
BRDA:87,12,0,0
BRDA:87,12,1,0
BRDA:87,13,0,0
BRDA:87,13,1,0
BRDA:87,13,2,0
BRDA:100,14,0,0
BRDA:100,14,1,0
BRDA:109,15,0,0
BRDA:109,15,1,0
BRDA:109,15,2,0
BRDA:109,15,3,0
BRDA:109,15,4,0
BRDA:109,15,5,0
BRDA:109,15,6,0
BRDA:109,15,7,0
BRDA:109,15,8,0
BRDA:111,16,0,0
BRDA:111,16,1,0
BRDA:111,17,0,0
BRDA:111,17,1,0
BRDA:113,18,0,0
BRDA:113,18,1,0
BRDA:113,19,0,0
BRDA:113,19,1,0
BRDA:118,20,0,0
BRDA:118,20,1,0
BRDA:118,21,0,0
BRDA:118,21,1,0
BRDA:123,22,0,0
BRDA:123,22,1,0
BRDA:123,23,0,0
BRDA:123,23,1,0
BRDA:128,24,0,0
BRDA:128,24,1,0
BRDA:128,25,0,0
BRDA:128,25,1,0
BRDA:133,26,0,0
BRDA:133,26,1,0
BRDA:133,27,0,0
BRDA:133,27,1,0
BRDA:138,28,0,0
BRDA:138,28,1,0
BRDA:138,29,0,0
BRDA:138,29,1,0
BRDA:143,30,0,0
BRDA:143,30,1,0
BRDA:143,31,0,0
BRDA:143,31,1,0
BRDA:148,32,0,0
BRDA:148,32,1,0
BRDA:148,33,0,0
BRDA:148,33,1,0
BRDA:153,34,0,0
BRDA:153,34,1,0
BRDA:153,35,0,0
BRDA:153,35,1,0
BRF:81
BRH:0
end_of_record
TN:
SF:src\schemas\index.ts
FNF:0
FNH:0
DA:1,0
DA:4,0
DA:20,0
DA:34,0
DA:44,0
DA:59,0
DA:77,0
DA:89,0
DA:108,0
DA:135,0
DA:136,0
DA:139,0
DA:163,0
DA:185,0
DA:196,0
DA:210,0
DA:230,0
DA:244,0
DA:257,0
DA:265,0
DA:271,0
DA:283,0
DA:292,0
DA:333,0
LF:24
LH:0
BRF:0
BRH:0
end_of_record
